CRITICAL - 2022-10-09 12:28:10 --> Undefined variable $category
in APPPATH\Views\admin\state\add.php on line 46.
 1 APPPATH\Views\admin\state\add.php(46): CodeIgniter\Debug\Exceptions->errorHandler(2, 'Undefined variable $category', 'APPPATH\\Views\\admin\\state\\add.php', 46)
 2 SYSTEMPATH\View\View.php(213): include('APPPATH\\Views\\admin\\state\\add.php')
 3 SYSTEMPATH\View\View.php(216): CodeIgniter\View\View->CodeIgniter\View\{closure}()
 4 SYSTEMPATH\Common.php(1142): CodeIgniter\View\View->render('admin/state/add', [], true)
 5 APPPATH\Controllers\Admin\StateController.php(69): view('admin/state/add', [...])
 6 SYSTEMPATH\CodeIgniter.php(902): App\Controllers\Admin\StateController->addPost()
 7 SYSTEMPATH\CodeIgniter.php(457): CodeIgniter\CodeIgniter->runController(Object(App\Controllers\Admin\StateController))
 8 SYSTEMPATH\CodeIgniter.php(340): CodeIgniter\CodeIgniter->handleRequest(null, Object(Config\Cache), false)
 9 FCPATH\index.php(67): CodeIgniter\CodeIgniter->run()
10 SYSTEMPATH\Commands\Server\rewrite.php(46): require_once('FCPATH\\index.php')
CRITICAL - 2022-10-09 12:28:39 --> Undefined variable $category
in APPPATH\Views\admin\state\add.php on line 30.
 1 APPPATH\Views\admin\state\add.php(30): CodeIgniter\Debug\Exceptions->errorHandler(2, 'Undefined variable $category', 'APPPATH\\Views\\admin\\state\\add.php', 30)
 2 SYSTEMPATH\View\View.php(213): include('APPPATH\\Views\\admin\\state\\add.php')
 3 SYSTEMPATH\View\View.php(216): CodeIgniter\View\View->CodeIgniter\View\{closure}()
 4 SYSTEMPATH\Common.php(1142): CodeIgniter\View\View->render('admin/state/add', [], true)
 5 APPPATH\Controllers\Admin\StateController.php(69): view('admin/state/add', [...])
 6 SYSTEMPATH\CodeIgniter.php(902): App\Controllers\Admin\StateController->addPost()
 7 SYSTEMPATH\CodeIgniter.php(457): CodeIgniter\CodeIgniter->runController(Object(App\Controllers\Admin\StateController))
 8 SYSTEMPATH\CodeIgniter.php(340): CodeIgniter\CodeIgniter->handleRequest(null, Object(Config\Cache), false)
 9 FCPATH\index.php(67): CodeIgniter\CodeIgniter->run()
10 SYSTEMPATH\Commands\Server\rewrite.php(46): require_once('FCPATH\\index.php')
CRITICAL - 2022-10-09 12:29:25 --> Invalid file: inlcude/admin.php
in SYSTEMPATH\Exceptions\FrameworkException.php on line 33.
 1 SYSTEMPATH\View\View.php(201): CodeIgniter\Exceptions\FrameworkException::forInvalidFile('inlcude/admin.php')
 2 SYSTEMPATH\View\View.php(229): CodeIgniter\View\View->render('inlcude/admin', [], true)
 3 SYSTEMPATH\Common.php(1142): CodeIgniter\View\View->render('admin/state/add', [], true)
 4 APPPATH\Controllers\Admin\StateController.php(69): view('admin/state/add', [...])
 5 SYSTEMPATH\CodeIgniter.php(902): App\Controllers\Admin\StateController->addPost()
 6 SYSTEMPATH\CodeIgniter.php(457): CodeIgniter\CodeIgniter->runController(Object(App\Controllers\Admin\StateController))
 7 SYSTEMPATH\CodeIgniter.php(340): CodeIgniter\CodeIgniter->handleRequest(null, Object(Config\Cache), false)
 8 FCPATH\index.php(67): CodeIgniter\CodeIgniter->run()
 9 SYSTEMPATH\Commands\Server\rewrite.php(46): require_once('FCPATH\\index.php')
CRITICAL - 2022-10-09 12:46:23 --> Undefined variable $page
in APPPATH\Views\include\admin.php on line 214.
 1 APPPATH\Views\include\admin.php(214): CodeIgniter\Debug\Exceptions->errorHandler(2, 'Undefined variable $page', 'APPPATH\\Views\\include\\admin.php', 214)
 2 SYSTEMPATH\View\View.php(213): include('APPPATH\\Views\\include\\admin.php')
 3 SYSTEMPATH\View\View.php(216): CodeIgniter\View\View->CodeIgniter\View\{closure}()
 4 SYSTEMPATH\View\View.php(229): CodeIgniter\View\View->render('include/admin', [], true)
 5 SYSTEMPATH\Common.php(1142): CodeIgniter\View\View->render('admin/state/add', [], true)
 6 APPPATH\Controllers\Admin\StateController.php(70): view('admin/state/add', [...])
 7 SYSTEMPATH\CodeIgniter.php(902): App\Controllers\Admin\StateController->addPost()
 8 SYSTEMPATH\CodeIgniter.php(457): CodeIgniter\CodeIgniter->runController(Object(App\Controllers\Admin\StateController))
 9 SYSTEMPATH\CodeIgniter.php(340): CodeIgniter\CodeIgniter->handleRequest(null, Object(Config\Cache), false)
10 FCPATH\index.php(67): CodeIgniter\CodeIgniter->run()
11 SYSTEMPATH\Commands\Server\rewrite.php(46): require_once('FCPATH\\index.php')
CRITICAL - 2022-10-09 13:36:21 --> Undefined array key 0
in SYSTEMPATH\Router\RouteCollection.php on line 1135.
 1 SYSTEMPATH\Router\RouteCollection.php(1135): CodeIgniter\Debug\Exceptions->errorHandler(2, 'Undefined array key 0', 'SYSTEMPATH\\Router\\RouteCollection.php', 1135)
 2 SYSTEMPATH\Router\RouteCollection.php(1002): CodeIgniter\Router\RouteCollection->fillRouteParams('states/edit/([0-9]+)', [])
 3 SYSTEMPATH\Common.php(920): CodeIgniter\Router\RouteCollection->reverseRoute('admin/state/edit')
 4 APPPATH\Views\admin\state\index.php(53): route_to('admin/state/edit')
 5 SYSTEMPATH\View\View.php(213): include('APPPATH\\Views\\admin\\state\\index.php')
 6 SYSTEMPATH\View\View.php(216): CodeIgniter\View\View->CodeIgniter\View\{closure}()
 7 SYSTEMPATH\Common.php(1142): CodeIgniter\View\View->render('admin/state/index', [], true)
 8 APPPATH\Controllers\Admin\StateController.php(21): view('admin/state/index', [...])
 9 SYSTEMPATH\CodeIgniter.php(902): App\Controllers\Admin\StateController->index()
10 SYSTEMPATH\CodeIgniter.php(457): CodeIgniter\CodeIgniter->runController(Object(App\Controllers\Admin\StateController))
11 SYSTEMPATH\CodeIgniter.php(340): CodeIgniter\CodeIgniter->handleRequest(null, Object(Config\Cache), false)
12 FCPATH\index.php(67): CodeIgniter\CodeIgniter->run()
13 SYSTEMPATH\Commands\Server\rewrite.php(46): require_once('FCPATH\\index.php')
CRITICAL - 2022-10-09 13:47:38 --> Trying to access array offset on value of type null
in APPPATH\Views\admin\state\update.php on line 32.
 1 APPPATH\Views\admin\state\update.php(32): CodeIgniter\Debug\Exceptions->errorHandler(2, 'Trying to access array offset on value of type null', 'APPPATH\\Views\\admin\\state\\update.php', 32)
 2 SYSTEMPATH\View\View.php(213): include('APPPATH\\Views\\admin\\state\\update.php')
 3 SYSTEMPATH\View\View.php(216): CodeIgniter\View\View->CodeIgniter\View\{closure}()
 4 SYSTEMPATH\Common.php(1142): CodeIgniter\View\View->render('admin/state/update', [], true)
 5 APPPATH\Controllers\Admin\StateController.php(81): view('admin/state/update', [...])
 6 SYSTEMPATH\CodeIgniter.php(902): App\Controllers\Admin\StateController->editPost('1')
 7 SYSTEMPATH\CodeIgniter.php(457): CodeIgniter\CodeIgniter->runController(Object(App\Controllers\Admin\StateController))
 8 SYSTEMPATH\CodeIgniter.php(340): CodeIgniter\CodeIgniter->handleRequest(null, Object(Config\Cache), false)
 9 FCPATH\index.php(67): CodeIgniter\CodeIgniter->run()
10 SYSTEMPATH\Commands\Server\rewrite.php(46): require_once('FCPATH\\index.php')
CRITICAL - 2022-10-09 14:04:31 --> syntax error, unexpected token ";", expecting "("
in APPPATH\Views\admin\state\index.php on line 74.
 1 SYSTEMPATH\View\View.php(216): CodeIgniter\View\View->CodeIgniter\View\{closure}()
 2 SYSTEMPATH\Common.php(1142): CodeIgniter\View\View->render('admin/state/index', [], true)
 3 APPPATH\Controllers\Admin\StateController.php(21): view('admin/state/index', [...])
 4 SYSTEMPATH\CodeIgniter.php(902): App\Controllers\Admin\StateController->index()
 5 SYSTEMPATH\CodeIgniter.php(457): CodeIgniter\CodeIgniter->runController(Object(App\Controllers\Admin\StateController))
 6 SYSTEMPATH\CodeIgniter.php(340): CodeIgniter\CodeIgniter->handleRequest(null, Object(Config\Cache), false)
 7 FCPATH\index.php(67): CodeIgniter\CodeIgniter->run()
 8 SYSTEMPATH\Commands\Server\rewrite.php(46): require_once('FCPATH\\index.php')
CRITICAL - 2022-10-09 14:05:34 --> syntax error, unexpected end of file, expecting "elseif" or "else" or "endif"
in APPPATH\Views\admin\state\index.php on line 87.
 1 SYSTEMPATH\View\View.php(216): CodeIgniter\View\View->CodeIgniter\View\{closure}()
 2 SYSTEMPATH\Common.php(1142): CodeIgniter\View\View->render('admin/state/index', [], true)
 3 APPPATH\Controllers\Admin\StateController.php(21): view('admin/state/index', [...])
 4 SYSTEMPATH\CodeIgniter.php(902): App\Controllers\Admin\StateController->index()
 5 SYSTEMPATH\CodeIgniter.php(457): CodeIgniter\CodeIgniter->runController(Object(App\Controllers\Admin\StateController))
 6 SYSTEMPATH\CodeIgniter.php(340): CodeIgniter\CodeIgniter->handleRequest(null, Object(Config\Cache), false)
 7 FCPATH\index.php(67): CodeIgniter\CodeIgniter->run()
 8 SYSTEMPATH\Commands\Server\rewrite.php(46): require_once('FCPATH\\index.php')
ERROR - 2022-10-09 14:29:53 --> mysqli_sql_exception: Duplicate entry 'delhi' for key 'state' in C:\xampp\htdocs\globalHeight\project\existay\existay\vendor\codeigniter4\framework\system\Database\MySQLi\Connection.php:292
Stack trace:
#0 C:\xampp\htdocs\globalHeight\project\existay\existay\vendor\codeigniter4\framework\system\Database\MySQLi\Connection.php(292): mysqli->query('INSERT INTO `st...', 0)
#1 C:\xampp\htdocs\globalHeight\project\existay\existay\vendor\codeigniter4\framework\system\Database\BaseConnection.php(693): CodeIgniter\Database\MySQLi\Connection->execute('INSERT INTO `st...')
#2 C:\xampp\htdocs\globalHeight\project\existay\existay\vendor\codeigniter4\framework\system\Database\BaseConnection.php(620): CodeIgniter\Database\BaseConnection->simpleQuery('INSERT INTO `st...')
#3 C:\xampp\htdocs\globalHeight\project\existay\existay\vendor\codeigniter4\framework\system\Database\BaseBuilder.php(1916): CodeIgniter\Database\BaseConnection->query('INSERT INTO `st...', Array, false)
#4 C:\xampp\htdocs\globalHeight\project\existay\existay\vendor\codeigniter4\framework\system\Model.php(279): CodeIgniter\Database\BaseBuilder->insert()
#5 C:\xampp\htdocs\globalHeight\project\existay\existay\vendor\codeigniter4\framework\system\BaseModel.php(748): CodeIgniter\Model->doInsert(Array)
#6 C:\xampp\htdocs\globalHeight\project\existay\existay\vendor\codeigniter4\framework\system\Model.php(667): CodeIgniter\BaseModel->insert(Array, false)
#7 C:\xampp\htdocs\globalHeight\project\existay\existay\vendor\codeigniter4\framework\system\BaseModel.php(658): CodeIgniter\Model->insert(Array, false)
#8 C:\xampp\htdocs\globalHeight\project\existay\existay\app\Controllers\Admin\StateController.php(58): CodeIgniter\BaseModel->save(Array)
#9 C:\xampp\htdocs\globalHeight\project\existay\existay\vendor\codeigniter4\framework\system\CodeIgniter.php(902): App\Controllers\Admin\StateController->addPost()
#10 C:\xampp\htdocs\globalHeight\project\existay\existay\vendor\codeigniter4\framework\system\CodeIgniter.php(457): CodeIgniter\CodeIgniter->runController(Object(App\Controllers\Admin\StateController))
#11 C:\xampp\htdocs\globalHeight\project\existay\existay\vendor\codeigniter4\framework\system\CodeIgniter.php(340): CodeIgniter\CodeIgniter->handleRequest(NULL, Object(Config\Cache), false)
#12 C:\xampp\htdocs\globalHeight\project\existay\existay\public\index.php(67): CodeIgniter\CodeIgniter->run()
#13 C:\xampp\htdocs\globalHeight\project\existay\existay\vendor\codeigniter4\framework\system\Commands\Server\rewrite.php(46): require_once('C:\\xampp\\htdocs...')
#14 {main}
CRITICAL - 2022-10-09 14:36:22 --> Undefined variable $page
in APPPATH\Views\include\admin.php on line 215.
 1 APPPATH\Views\include\admin.php(215): CodeIgniter\Debug\Exceptions->errorHandler(2, 'Undefined variable $page', 'APPPATH\\Views\\include\\admin.php', 215)
 2 SYSTEMPATH\View\View.php(213): include('APPPATH\\Views\\include\\admin.php')
 3 SYSTEMPATH\View\View.php(216): CodeIgniter\View\View->CodeIgniter\View\{closure}()
 4 SYSTEMPATH\View\View.php(229): CodeIgniter\View\View->render('include/admin', [], true)
 5 SYSTEMPATH\Common.php(1142): CodeIgniter\View\View->render('admin/state/update', [], true)
 6 APPPATH\Controllers\Admin\StateController.php(81): view('admin/state/update', [...])
 7 SYSTEMPATH\CodeIgniter.php(902): App\Controllers\Admin\StateController->editPost('5')
 8 SYSTEMPATH\CodeIgniter.php(457): CodeIgniter\CodeIgniter->runController(Object(App\Controllers\Admin\StateController))
 9 SYSTEMPATH\CodeIgniter.php(340): CodeIgniter\CodeIgniter->handleRequest(null, Object(Config\Cache), false)
10 FCPATH\index.php(67): CodeIgniter\CodeIgniter->run()
11 SYSTEMPATH\Commands\Server\rewrite.php(46): require_once('FCPATH\\index.php')
CRITICAL - 2022-10-09 14:49:07 --> Undefined variable $perpage
in APPPATH\Views\admin\state\index.php on line 14.
 1 APPPATH\Views\admin\state\index.php(14): CodeIgniter\Debug\Exceptions->errorHandler(2, 'Undefined variable $perpage', 'APPPATH\\Views\\admin\\state\\index.php', 14)
 2 SYSTEMPATH\View\View.php(213): include('APPPATH\\Views\\admin\\state\\index.php')
 3 SYSTEMPATH\View\View.php(216): CodeIgniter\View\View->CodeIgniter\View\{closure}()
 4 SYSTEMPATH\Common.php(1142): CodeIgniter\View\View->render('admin/state/index', [], true)
 5 APPPATH\Controllers\Admin\StateController.php(25): view('admin/state/index', [...])
 6 SYSTEMPATH\CodeIgniter.php(902): App\Controllers\Admin\StateController->index()
 7 SYSTEMPATH\CodeIgniter.php(457): CodeIgniter\CodeIgniter->runController(Object(App\Controllers\Admin\StateController))
 8 SYSTEMPATH\CodeIgniter.php(340): CodeIgniter\CodeIgniter->handleRequest(null, Object(Config\Cache), false)
 9 FCPATH\index.php(67): CodeIgniter\CodeIgniter->run()
10 SYSTEMPATH\Commands\Server\rewrite.php(46): require_once('FCPATH\\index.php')
CRITICAL - 2022-10-09 14:49:14 --> Undefined variable $perpage
in APPPATH\Views\admin\state\index.php on line 14.
 1 APPPATH\Views\admin\state\index.php(14): CodeIgniter\Debug\Exceptions->errorHandler(2, 'Undefined variable $perpage', 'APPPATH\\Views\\admin\\state\\index.php', 14)
 2 SYSTEMPATH\View\View.php(213): include('APPPATH\\Views\\admin\\state\\index.php')
 3 SYSTEMPATH\View\View.php(216): CodeIgniter\View\View->CodeIgniter\View\{closure}()
 4 SYSTEMPATH\Common.php(1142): CodeIgniter\View\View->render('admin/state/index', [], true)
 5 APPPATH\Controllers\Admin\StateController.php(25): view('admin/state/index', [...])
 6 SYSTEMPATH\CodeIgniter.php(902): App\Controllers\Admin\StateController->index()
 7 SYSTEMPATH\CodeIgniter.php(457): CodeIgniter\CodeIgniter->runController(Object(App\Controllers\Admin\StateController))
 8 SYSTEMPATH\CodeIgniter.php(340): CodeIgniter\CodeIgniter->handleRequest(null, Object(Config\Cache), false)
 9 FCPATH\index.php(67): CodeIgniter\CodeIgniter->run()
10 SYSTEMPATH\Commands\Server\rewrite.php(46): require_once('FCPATH\\index.php')
CRITICAL - 2022-10-09 14:49:15 --> Undefined variable $perpage
in APPPATH\Views\admin\state\index.php on line 14.
 1 APPPATH\Views\admin\state\index.php(14): CodeIgniter\Debug\Exceptions->errorHandler(2, 'Undefined variable $perpage', 'APPPATH\\Views\\admin\\state\\index.php', 14)
 2 SYSTEMPATH\View\View.php(213): include('APPPATH\\Views\\admin\\state\\index.php')
 3 SYSTEMPATH\View\View.php(216): CodeIgniter\View\View->CodeIgniter\View\{closure}()
 4 SYSTEMPATH\Common.php(1142): CodeIgniter\View\View->render('admin/state/index', [], true)
 5 APPPATH\Controllers\Admin\StateController.php(25): view('admin/state/index', [...])
 6 SYSTEMPATH\CodeIgniter.php(902): App\Controllers\Admin\StateController->index()
 7 SYSTEMPATH\CodeIgniter.php(457): CodeIgniter\CodeIgniter->runController(Object(App\Controllers\Admin\StateController))
 8 SYSTEMPATH\CodeIgniter.php(340): CodeIgniter\CodeIgniter->handleRequest(null, Object(Config\Cache), false)
 9 FCPATH\index.php(67): CodeIgniter\CodeIgniter->run()
10 SYSTEMPATH\Commands\Server\rewrite.php(46): require_once('FCPATH\\index.php')
CRITICAL - 2022-10-09 14:50:20 --> syntax error, unexpected token "}", expecting "," or ";"
in APPPATH\Views\admin\state\index.php on line 14.
 1 SYSTEMPATH\View\View.php(216): CodeIgniter\View\View->CodeIgniter\View\{closure}()
 2 SYSTEMPATH\Common.php(1142): CodeIgniter\View\View->render('admin/state/index', [], true)
 3 APPPATH\Controllers\Admin\StateController.php(25): view('admin/state/index', [...])
 4 SYSTEMPATH\CodeIgniter.php(902): App\Controllers\Admin\StateController->index()
 5 SYSTEMPATH\CodeIgniter.php(457): CodeIgniter\CodeIgniter->runController(Object(App\Controllers\Admin\StateController))
 6 SYSTEMPATH\CodeIgniter.php(340): CodeIgniter\CodeIgniter->handleRequest(null, Object(Config\Cache), false)
 7 FCPATH\index.php(67): CodeIgniter\CodeIgniter->run()
 8 SYSTEMPATH\Commands\Server\rewrite.php(46): require_once('FCPATH\\index.php')
CRITICAL - 2022-10-09 14:59:58 --> Undefined variable $perPage
in APPPATH\Controllers\Admin\StateController.php on line 18.
 1 APPPATH\Controllers\Admin\StateController.php(18): CodeIgniter\Debug\Exceptions->errorHandler(2, 'Undefined variable $perPage', 'APPPATH\\Controllers\\Admin\\StateController.php', 18)
 2 SYSTEMPATH\CodeIgniter.php(902): App\Controllers\Admin\StateController->index()
 3 SYSTEMPATH\CodeIgniter.php(457): CodeIgniter\CodeIgniter->runController(Object(App\Controllers\Admin\StateController))
 4 SYSTEMPATH\CodeIgniter.php(340): CodeIgniter\CodeIgniter->handleRequest(null, Object(Config\Cache), false)
 5 FCPATH\index.php(67): CodeIgniter\CodeIgniter->run()
 6 SYSTEMPATH\Commands\Server\rewrite.php(46): require_once('FCPATH\\index.php')
CRITICAL - 2022-10-09 15:10:14 --> Undefined variable $perPage
in APPPATH\Controllers\Admin\StateController.php on line 18.
 1 APPPATH\Controllers\Admin\StateController.php(18): CodeIgniter\Debug\Exceptions->errorHandler(2, 'Undefined variable $perPage', 'APPPATH\\Controllers\\Admin\\StateController.php', 18)
 2 SYSTEMPATH\CodeIgniter.php(902): App\Controllers\Admin\StateController->index()
 3 SYSTEMPATH\CodeIgniter.php(457): CodeIgniter\CodeIgniter->runController(Object(App\Controllers\Admin\StateController))
 4 SYSTEMPATH\CodeIgniter.php(340): CodeIgniter\CodeIgniter->handleRequest(null, Object(Config\Cache), false)
 5 FCPATH\index.php(67): CodeIgniter\CodeIgniter->run()
 6 SYSTEMPATH\Commands\Server\rewrite.php(46): require_once('FCPATH\\index.php')
CRITICAL - 2022-10-09 15:15:41 --> Undefined variable $perPage
in APPPATH\Controllers\Admin\StateController.php on line 18.
 1 APPPATH\Controllers\Admin\StateController.php(18): CodeIgniter\Debug\Exceptions->errorHandler(2, 'Undefined variable $perPage', 'APPPATH\\Controllers\\Admin\\StateController.php', 18)
 2 SYSTEMPATH\CodeIgniter.php(902): App\Controllers\Admin\StateController->index()
 3 SYSTEMPATH\CodeIgniter.php(457): CodeIgniter\CodeIgniter->runController(Object(App\Controllers\Admin\StateController))
 4 SYSTEMPATH\CodeIgniter.php(340): CodeIgniter\CodeIgniter->handleRequest(null, Object(Config\Cache), false)
 5 FCPATH\index.php(67): CodeIgniter\CodeIgniter->run()
 6 SYSTEMPATH\Commands\Server\rewrite.php(46): require_once('FCPATH\\index.php')
CRITICAL - 2022-10-09 15:24:44 --> Undefined variable $pager
in APPPATH\Views\include\admin.php on line 237.
 1 APPPATH\Views\include\admin.php(237): CodeIgniter\Debug\Exceptions->errorHandler(2, 'Undefined variable $pager', 'APPPATH\\Views\\include\\admin.php', 237)
 2 SYSTEMPATH\View\View.php(213): include('APPPATH\\Views\\include\\admin.php')
 3 SYSTEMPATH\View\View.php(216): CodeIgniter\View\View->CodeIgniter\View\{closure}()
 4 SYSTEMPATH\View\View.php(229): CodeIgniter\View\View->render('include/admin', [], true)
 5 SYSTEMPATH\Common.php(1142): CodeIgniter\View\View->render('admin/dashboard/index', [], true)
 6 APPPATH\Controllers\Admin\DashboardController.php(15): view('admin/dashboard/index', [...])
 7 SYSTEMPATH\CodeIgniter.php(902): App\Controllers\Admin\DashboardController->index()
 8 SYSTEMPATH\CodeIgniter.php(457): CodeIgniter\CodeIgniter->runController(Object(App\Controllers\Admin\DashboardController))
 9 SYSTEMPATH\CodeIgniter.php(340): CodeIgniter\CodeIgniter->handleRequest(null, Object(Config\Cache), false)
10 FCPATH\index.php(67): CodeIgniter\CodeIgniter->run()
11 SYSTEMPATH\Commands\Server\rewrite.php(46): require_once('FCPATH\\index.php')
