CRITICAL - 2022-10-10 15:46:37 --> Invalid file: admin/fqs/index.php
in SYSTEMPATH\Exceptions\FrameworkException.php on line 33.
 1 SYSTEMPATH\View\View.php(201): CodeIgniter\Exceptions\FrameworkException::forInvalidFile('admin/fqs/index.php')
 2 SYSTEMPATH\Common.php(1142): CodeIgniter\View\View->render('admin/fqs/index', [], true)
 3 APPPATH\Controllers\Admin\FaqsController.php(26): view('admin/fqs/index', [...])
 4 SYSTEMPATH\CodeIgniter.php(902): App\Controllers\Admin\FaqsController->index()
 5 SYSTEMPATH\CodeIgniter.php(457): CodeIgniter\CodeIgniter->runController(Object(App\Controllers\Admin\FaqsController))
 6 SYSTEMPATH\CodeIgniter.php(340): CodeIgniter\CodeIgniter->handleRequest(null, Object(Config\Cache), false)
 7 FCPATH\index.php(67): CodeIgniter\CodeIgniter->run()
 8 SYSTEMPATH\Commands\Server\rewrite.php(46): require_once('FCPATH\\index.php')
CRITICAL - 2022-10-10 16:30:37 --> Array to string conversion
in APPPATH\Views\include\admin.php on line 78.
 1 APPPATH\Views\include\admin.php(78): CodeIgniter\Debug\Exceptions->errorHandler(2, 'Array to string conversion', 'APPPATH\\Views\\include\\admin.php', 78)
 2 SYSTEMPATH\View\View.php(213): include('APPPATH\\Views\\include\\admin.php')
 3 SYSTEMPATH\View\View.php(216): CodeIgniter\View\View->CodeIgniter\View\{closure}()
 4 SYSTEMPATH\View\View.php(229): CodeIgniter\View\View->render('include/admin', [], true)
 5 SYSTEMPATH\Common.php(1142): CodeIgniter\View\View->render('admin/faqs/add', [], true)
 6 APPPATH\Controllers\Admin\FaqsController.php(51): view('admin/faqs/add', [...])
 7 SYSTEMPATH\CodeIgniter.php(902): App\Controllers\Admin\FaqsController->addFaqs()
 8 SYSTEMPATH\CodeIgniter.php(457): CodeIgniter\CodeIgniter->runController(Object(App\Controllers\Admin\FaqsController))
 9 SYSTEMPATH\CodeIgniter.php(340): CodeIgniter\CodeIgniter->handleRequest(null, Object(Config\Cache), false)
10 FCPATH\index.php(67): CodeIgniter\CodeIgniter->run()
11 SYSTEMPATH\Commands\Server\rewrite.php(46): require_once('FCPATH\\index.php')
CRITICAL - 2022-10-10 16:49:43 --> CodeIgniter\Router\RouteCollection::processArrayCallableSyntax(): Return value must be of type string, array returned
in SYSTEMPATH\Router\RouteCollection.php on line 1284.
 1 SYSTEMPATH\Router\RouteCollection.php(1170): CodeIgniter\Router\RouteCollection->processArrayCallableSyntax('Admin\\FaqsController::index', [...])
 2 SYSTEMPATH\Router\RouteCollection.php(878): CodeIgniter\Router\RouteCollection->create('get', 'Admin\\FaqsController::index', [...], null)
 3 SYSTEMPATH\Router\RouteCollection.php(865): CodeIgniter\Router\RouteCollection->get('Admin\\FaqsController::index', [...], null)
 4 APPPATH\Config\Routes.php(60): CodeIgniter\Router\RouteCollection->match([...], 'Admin\\FaqsController::index', [...])
 5 SYSTEMPATH\CodeIgniter.php(764): require('APPPATH\\Config\\Routes.php')
 6 SYSTEMPATH\CodeIgniter.php(406): CodeIgniter\CodeIgniter->tryToRouteIt(Object(CodeIgniter\Router\RouteCollection))
 7 SYSTEMPATH\CodeIgniter.php(340): CodeIgniter\CodeIgniter->handleRequest(null, Object(Config\Cache), false)
 8 FCPATH\index.php(67): CodeIgniter\CodeIgniter->run()
 9 SYSTEMPATH\Commands\Server\rewrite.php(46): require_once('FCPATH\\index.php')
CRITICAL - 2022-10-10 16:50:19 --> CodeIgniter\Router\RouteCollection::processArrayCallableSyntax(): Return value must be of type string, array returned
in SYSTEMPATH\Router\RouteCollection.php on line 1284.
 1 SYSTEMPATH\Router\RouteCollection.php(1170): CodeIgniter\Router\RouteCollection->processArrayCallableSyntax('Admin\\FaqsController::index', [...])
 2 SYSTEMPATH\Router\RouteCollection.php(878): CodeIgniter\Router\RouteCollection->create('get', 'Admin\\FaqsController::index', [...], null)
 3 SYSTEMPATH\Router\RouteCollection.php(865): CodeIgniter\Router\RouteCollection->get('Admin\\FaqsController::index', [...], null)
 4 APPPATH\Config\Routes.php(60): CodeIgniter\Router\RouteCollection->match([...], 'Admin\\FaqsController::index', [...])
 5 SYSTEMPATH\CodeIgniter.php(764): require('APPPATH\\Config\\Routes.php')
 6 SYSTEMPATH\CodeIgniter.php(406): CodeIgniter\CodeIgniter->tryToRouteIt(Object(CodeIgniter\Router\RouteCollection))
 7 SYSTEMPATH\CodeIgniter.php(340): CodeIgniter\CodeIgniter->handleRequest(null, Object(Config\Cache), false)
 8 FCPATH\index.php(67): CodeIgniter\CodeIgniter->run()
 9 SYSTEMPATH\Commands\Server\rewrite.php(46): require_once('FCPATH\\index.php')
CRITICAL - 2022-10-10 17:33:05 --> Array callback must have exactly two elements
in APPPATH\Views\admin\testimonial\index.php on line 54.
 1 SYSTEMPATH\View\View.php(213): include()
 2 SYSTEMPATH\View\View.php(216): CodeIgniter\View\View->CodeIgniter\View\{closure}()
 3 SYSTEMPATH\Common.php(1142): CodeIgniter\View\View->render('admin/testimonial/index', [], true)
 4 APPPATH\Controllers\Admin\TestimonialController.php(27): view('admin/testimonial/index', [...])
 5 SYSTEMPATH\CodeIgniter.php(902): App\Controllers\Admin\TestimonialController->index()
 6 SYSTEMPATH\CodeIgniter.php(457): CodeIgniter\CodeIgniter->runController(Object(App\Controllers\Admin\TestimonialController))
 7 SYSTEMPATH\CodeIgniter.php(340): CodeIgniter\CodeIgniter->handleRequest(null, Object(Config\Cache), false)
 8 FCPATH\index.php(67): CodeIgniter\CodeIgniter->run()
 9 SYSTEMPATH\Commands\Server\rewrite.php(46): require_once('FCPATH\\index.php')
CRITICAL - 2022-10-10 17:33:17 --> Array callback must have exactly two elements
in APPPATH\Views\admin\testimonial\index.php on line 54.
 1 SYSTEMPATH\View\View.php(213): include()
 2 SYSTEMPATH\View\View.php(216): CodeIgniter\View\View->CodeIgniter\View\{closure}()
 3 SYSTEMPATH\Common.php(1142): CodeIgniter\View\View->render('admin/testimonial/index', [], true)
 4 APPPATH\Controllers\Admin\TestimonialController.php(27): view('admin/testimonial/index', [...])
 5 SYSTEMPATH\CodeIgniter.php(902): App\Controllers\Admin\TestimonialController->index()
 6 SYSTEMPATH\CodeIgniter.php(457): CodeIgniter\CodeIgniter->runController(Object(App\Controllers\Admin\TestimonialController))
 7 SYSTEMPATH\CodeIgniter.php(340): CodeIgniter\CodeIgniter->handleRequest(null, Object(Config\Cache), false)
 8 FCPATH\index.php(67): CodeIgniter\CodeIgniter->run()
 9 SYSTEMPATH\Commands\Server\rewrite.php(46): require_once('FCPATH\\index.php')
CRITICAL - 2022-10-10 17:33:19 --> Array callback must have exactly two elements
in APPPATH\Views\admin\testimonial\index.php on line 54.
 1 SYSTEMPATH\View\View.php(213): include()
 2 SYSTEMPATH\View\View.php(216): CodeIgniter\View\View->CodeIgniter\View\{closure}()
 3 SYSTEMPATH\Common.php(1142): CodeIgniter\View\View->render('admin/testimonial/index', [], true)
 4 APPPATH\Controllers\Admin\TestimonialController.php(27): view('admin/testimonial/index', [...])
 5 SYSTEMPATH\CodeIgniter.php(902): App\Controllers\Admin\TestimonialController->index()
 6 SYSTEMPATH\CodeIgniter.php(457): CodeIgniter\CodeIgniter->runController(Object(App\Controllers\Admin\TestimonialController))
 7 SYSTEMPATH\CodeIgniter.php(340): CodeIgniter\CodeIgniter->handleRequest(null, Object(Config\Cache), false)
 8 FCPATH\index.php(67): CodeIgniter\CodeIgniter->run()
 9 SYSTEMPATH\Commands\Server\rewrite.php(46): require_once('FCPATH\\index.php')
CRITICAL - 2022-10-10 17:33:54 --> Array callback must have exactly two elements
in APPPATH\Views\admin\testimonial\index.php on line 54.
 1 SYSTEMPATH\View\View.php(213): include()
 2 SYSTEMPATH\View\View.php(216): CodeIgniter\View\View->CodeIgniter\View\{closure}()
 3 SYSTEMPATH\Common.php(1142): CodeIgniter\View\View->render('admin/testimonial/index', [], true)
 4 APPPATH\Controllers\Admin\TestimonialController.php(27): view('admin/testimonial/index', [...])
 5 SYSTEMPATH\CodeIgniter.php(902): App\Controllers\Admin\TestimonialController->index()
 6 SYSTEMPATH\CodeIgniter.php(457): CodeIgniter\CodeIgniter->runController(Object(App\Controllers\Admin\TestimonialController))
 7 SYSTEMPATH\CodeIgniter.php(340): CodeIgniter\CodeIgniter->handleRequest(null, Object(Config\Cache), false)
 8 FCPATH\index.php(67): CodeIgniter\CodeIgniter->run()
 9 SYSTEMPATH\Commands\Server\rewrite.php(46): require_once('FCPATH\\index.php')
CRITICAL - 2022-10-10 17:36:57 --> Array callback must have exactly two elements
in APPPATH\Views\admin\testimonial\index.php on line 54.
 1 SYSTEMPATH\View\View.php(213): include()
 2 SYSTEMPATH\View\View.php(216): CodeIgniter\View\View->CodeIgniter\View\{closure}()
 3 SYSTEMPATH\Common.php(1142): CodeIgniter\View\View->render('admin/testimonial/index', [], true)
 4 APPPATH\Controllers\Admin\TestimonialController.php(27): view('admin/testimonial/index', [...])
 5 SYSTEMPATH\CodeIgniter.php(902): App\Controllers\Admin\TestimonialController->index()
 6 SYSTEMPATH\CodeIgniter.php(457): CodeIgniter\CodeIgniter->runController(Object(App\Controllers\Admin\TestimonialController))
 7 SYSTEMPATH\CodeIgniter.php(340): CodeIgniter\CodeIgniter->handleRequest(null, Object(Config\Cache), false)
 8 FCPATH\index.php(67): CodeIgniter\CodeIgniter->run()
 9 SYSTEMPATH\Commands\Server\rewrite.php(46): require_once('FCPATH\\index.php')
CRITICAL - 2022-10-10 17:38:31 --> Array callback must have exactly two elements
in APPPATH\Views\admin\testimonial\index.php on line 55.
 1 SYSTEMPATH\View\View.php(213): include()
 2 SYSTEMPATH\View\View.php(216): CodeIgniter\View\View->CodeIgniter\View\{closure}()
 3 SYSTEMPATH\Common.php(1142): CodeIgniter\View\View->render('admin/testimonial/index', [], true)
 4 APPPATH\Controllers\Admin\TestimonialController.php(27): view('admin/testimonial/index', [...])
 5 SYSTEMPATH\CodeIgniter.php(902): App\Controllers\Admin\TestimonialController->index()
 6 SYSTEMPATH\CodeIgniter.php(457): CodeIgniter\CodeIgniter->runController(Object(App\Controllers\Admin\TestimonialController))
 7 SYSTEMPATH\CodeIgniter.php(340): CodeIgniter\CodeIgniter->handleRequest(null, Object(Config\Cache), false)
 8 FCPATH\index.php(67): CodeIgniter\CodeIgniter->run()
 9 SYSTEMPATH\Commands\Server\rewrite.php(46): require_once('FCPATH\\index.php')
CRITICAL - 2022-10-10 17:39:02 --> Array callback must have exactly two elements
in APPPATH\Views\admin\testimonial\index.php on line 57.
 1 SYSTEMPATH\View\View.php(213): include()
 2 SYSTEMPATH\View\View.php(216): CodeIgniter\View\View->CodeIgniter\View\{closure}()
 3 SYSTEMPATH\Common.php(1142): CodeIgniter\View\View->render('admin/testimonial/index', [], true)
 4 APPPATH\Controllers\Admin\TestimonialController.php(27): view('admin/testimonial/index', [...])
 5 SYSTEMPATH\CodeIgniter.php(902): App\Controllers\Admin\TestimonialController->index()
 6 SYSTEMPATH\CodeIgniter.php(457): CodeIgniter\CodeIgniter->runController(Object(App\Controllers\Admin\TestimonialController))
 7 SYSTEMPATH\CodeIgniter.php(340): CodeIgniter\CodeIgniter->handleRequest(null, Object(Config\Cache), false)
 8 FCPATH\index.php(67): CodeIgniter\CodeIgniter->run()
 9 SYSTEMPATH\Commands\Server\rewrite.php(46): require_once('FCPATH\\index.php')
CRITICAL - 2022-10-10 17:58:36 --> Array callback must have exactly two elements
in APPPATH\Views\admin\testimonial\update.php on line 21.
 1 SYSTEMPATH\View\View.php(213): include()
 2 SYSTEMPATH\View\View.php(216): CodeIgniter\View\View->CodeIgniter\View\{closure}()
 3 SYSTEMPATH\Common.php(1142): CodeIgniter\View\View->render('admin/testimonial/update', [], true)
 4 APPPATH\Controllers\Admin\TestimonialController.php(91): view('admin/testimonial/update', [...])
 5 SYSTEMPATH\CodeIgniter.php(902): App\Controllers\Admin\TestimonialController->editTestimonial('1')
 6 SYSTEMPATH\CodeIgniter.php(457): CodeIgniter\CodeIgniter->runController(Object(App\Controllers\Admin\TestimonialController))
 7 SYSTEMPATH\CodeIgniter.php(340): CodeIgniter\CodeIgniter->handleRequest(null, Object(Config\Cache), false)
 8 FCPATH\index.php(67): CodeIgniter\CodeIgniter->run()
 9 SYSTEMPATH\Commands\Server\rewrite.php(46): require_once('FCPATH\\index.php')
CRITICAL - 2022-10-10 17:59:31 --> Array callback must have exactly two elements
in APPPATH\Views\admin\testimonial\update.php on line 21.
 1 SYSTEMPATH\View\View.php(213): include()
 2 SYSTEMPATH\View\View.php(216): CodeIgniter\View\View->CodeIgniter\View\{closure}()
 3 SYSTEMPATH\Common.php(1142): CodeIgniter\View\View->render('admin/testimonial/update', [], true)
 4 APPPATH\Controllers\Admin\TestimonialController.php(91): view('admin/testimonial/update', [...])
 5 SYSTEMPATH\CodeIgniter.php(902): App\Controllers\Admin\TestimonialController->editTestimonial('1')
 6 SYSTEMPATH\CodeIgniter.php(457): CodeIgniter\CodeIgniter->runController(Object(App\Controllers\Admin\TestimonialController))
 7 SYSTEMPATH\CodeIgniter.php(340): CodeIgniter\CodeIgniter->handleRequest(null, Object(Config\Cache), false)
 8 FCPATH\index.php(67): CodeIgniter\CodeIgniter->run()
 9 SYSTEMPATH\Commands\Server\rewrite.php(46): require_once('FCPATH\\index.php')
CRITICAL - 2022-10-10 17:59:59 --> syntax error, unexpected token ":", expecting "]"
in APPPATH\Views\admin\testimonial\update.php on line 45.
 1 SYSTEMPATH\View\View.php(216): CodeIgniter\View\View->CodeIgniter\View\{closure}()
 2 SYSTEMPATH\Common.php(1142): CodeIgniter\View\View->render('admin/testimonial/update', [], true)
 3 APPPATH\Controllers\Admin\TestimonialController.php(91): view('admin/testimonial/update', [...])
 4 SYSTEMPATH\CodeIgniter.php(902): App\Controllers\Admin\TestimonialController->editTestimonial('1')
 5 SYSTEMPATH\CodeIgniter.php(457): CodeIgniter\CodeIgniter->runController(Object(App\Controllers\Admin\TestimonialController))
 6 SYSTEMPATH\CodeIgniter.php(340): CodeIgniter\CodeIgniter->handleRequest(null, Object(Config\Cache), false)
 7 FCPATH\index.php(67): CodeIgniter\CodeIgniter->run()
 8 SYSTEMPATH\Commands\Server\rewrite.php(46): require_once('FCPATH\\index.php')
CRITICAL - 2022-10-10 18:00:27 --> syntax error, unexpected token ";", expecting ")"
in APPPATH\Views\admin\testimonial\update.php on line 62.
 1 SYSTEMPATH\View\View.php(216): CodeIgniter\View\View->CodeIgniter\View\{closure}()
 2 SYSTEMPATH\Common.php(1142): CodeIgniter\View\View->render('admin/testimonial/update', [], true)
 3 APPPATH\Controllers\Admin\TestimonialController.php(91): view('admin/testimonial/update', [...])
 4 SYSTEMPATH\CodeIgniter.php(902): App\Controllers\Admin\TestimonialController->editTestimonial('1')
 5 SYSTEMPATH\CodeIgniter.php(457): CodeIgniter\CodeIgniter->runController(Object(App\Controllers\Admin\TestimonialController))
 6 SYSTEMPATH\CodeIgniter.php(340): CodeIgniter\CodeIgniter->handleRequest(null, Object(Config\Cache), false)
 7 FCPATH\index.php(67): CodeIgniter\CodeIgniter->run()
 8 SYSTEMPATH\Commands\Server\rewrite.php(46): require_once('FCPATH\\index.php')
CRITICAL - 2022-10-10 18:00:43 --> syntax error, unexpected token ";", expecting ")"
in APPPATH\Views\admin\testimonial\update.php on line 62.
 1 SYSTEMPATH\View\View.php(216): CodeIgniter\View\View->CodeIgniter\View\{closure}()
 2 SYSTEMPATH\Common.php(1142): CodeIgniter\View\View->render('admin/testimonial/update', [], true)
 3 APPPATH\Controllers\Admin\TestimonialController.php(91): view('admin/testimonial/update', [...])
 4 SYSTEMPATH\CodeIgniter.php(902): App\Controllers\Admin\TestimonialController->editTestimonial('1')
 5 SYSTEMPATH\CodeIgniter.php(457): CodeIgniter\CodeIgniter->runController(Object(App\Controllers\Admin\TestimonialController))
 6 SYSTEMPATH\CodeIgniter.php(340): CodeIgniter\CodeIgniter->handleRequest(null, Object(Config\Cache), false)
 7 FCPATH\index.php(67): CodeIgniter\CodeIgniter->run()
 8 SYSTEMPATH\Commands\Server\rewrite.php(46): require_once('FCPATH\\index.php')
CRITICAL - 2022-10-10 18:04:37 --> Undefined array key "value"
in APPPATH\Views\admin\testimonial\update.php on line 36.
 1 APPPATH\Views\admin\testimonial\update.php(36): CodeIgniter\Debug\Exceptions->errorHandler(2, 'Undefined array key "value"', 'APPPATH\\Views\\admin\\testimonial\\update.php', 36)
 2 SYSTEMPATH\View\View.php(213): include('APPPATH\\Views\\admin\\testimonial\\update.php')
 3 SYSTEMPATH\View\View.php(216): CodeIgniter\View\View->CodeIgniter\View\{closure}()
 4 SYSTEMPATH\Common.php(1142): CodeIgniter\View\View->render('admin/testimonial/update', [], true)
 5 APPPATH\Controllers\Admin\TestimonialController.php(91): view('admin/testimonial/update', [...])
 6 SYSTEMPATH\CodeIgniter.php(902): App\Controllers\Admin\TestimonialController->editTestimonial('1')
 7 SYSTEMPATH\CodeIgniter.php(457): CodeIgniter\CodeIgniter->runController(Object(App\Controllers\Admin\TestimonialController))
 8 SYSTEMPATH\CodeIgniter.php(340): CodeIgniter\CodeIgniter->handleRequest(null, Object(Config\Cache), false)
 9 FCPATH\index.php(67): CodeIgniter\CodeIgniter->run()
10 SYSTEMPATH\Commands\Server\rewrite.php(46): require_once('FCPATH\\index.php')
CRITICAL - 2022-10-10 18:05:00 --> Undefined variable $state
in APPPATH\Views\admin\testimonial\update.php on line 45.
 1 APPPATH\Views\admin\testimonial\update.php(45): CodeIgniter\Debug\Exceptions->errorHandler(2, 'Undefined variable $state', 'APPPATH\\Views\\admin\\testimonial\\update.php', 45)
 2 SYSTEMPATH\View\View.php(213): include('APPPATH\\Views\\admin\\testimonial\\update.php')
 3 SYSTEMPATH\View\View.php(216): CodeIgniter\View\View->CodeIgniter\View\{closure}()
 4 SYSTEMPATH\Common.php(1142): CodeIgniter\View\View->render('admin/testimonial/update', [], true)
 5 APPPATH\Controllers\Admin\TestimonialController.php(91): view('admin/testimonial/update', [...])
 6 SYSTEMPATH\CodeIgniter.php(902): App\Controllers\Admin\TestimonialController->editTestimonial('1')
 7 SYSTEMPATH\CodeIgniter.php(457): CodeIgniter\CodeIgniter->runController(Object(App\Controllers\Admin\TestimonialController))
 8 SYSTEMPATH\CodeIgniter.php(340): CodeIgniter\CodeIgniter->handleRequest(null, Object(Config\Cache), false)
 9 FCPATH\index.php(67): CodeIgniter\CodeIgniter->run()
10 SYSTEMPATH\Commands\Server\rewrite.php(46): require_once('FCPATH\\index.php')
CRITICAL - 2022-10-10 18:10:51 --> The route for "admin/testimonial/edit/" cannot be found.
in SYSTEMPATH\HTTP\RedirectResponse.php on line 60.
 1 SYSTEMPATH\HTTP\RedirectResponse.php(60): CodeIgniter\HTTP\Exceptions\HTTPException::forInvalidRedirectRoute('admin/testimonial/edit/')
 2 SYSTEMPATH\Common.php(869): CodeIgniter\HTTP\RedirectResponse->route(false)
 3 APPPATH\Controllers\Admin\TestimonialController.php(145): redirect('admin/testimonial/edit/')
 4 SYSTEMPATH\CodeIgniter.php(902): App\Controllers\Admin\TestimonialController->updateTestimonial()
 5 SYSTEMPATH\CodeIgniter.php(457): CodeIgniter\CodeIgniter->runController(Object(App\Controllers\Admin\TestimonialController))
 6 SYSTEMPATH\CodeIgniter.php(340): CodeIgniter\CodeIgniter->handleRequest(null, Object(Config\Cache), false)
 7 FCPATH\index.php(67): CodeIgniter\CodeIgniter->run()
 8 SYSTEMPATH\Commands\Server\rewrite.php(46): require_once('FCPATH\\index.php')
CRITICAL - 2022-10-10 18:12:43 --> The route for "admin/testimonial/edit/" cannot be found.
in SYSTEMPATH\HTTP\RedirectResponse.php on line 60.
 1 SYSTEMPATH\HTTP\RedirectResponse.php(60): CodeIgniter\HTTP\Exceptions\HTTPException::forInvalidRedirectRoute('admin/testimonial/edit/')
 2 SYSTEMPATH\Common.php(869): CodeIgniter\HTTP\RedirectResponse->route(false)
 3 APPPATH\Controllers\Admin\TestimonialController.php(146): redirect('admin/testimonial/edit/')
 4 SYSTEMPATH\CodeIgniter.php(902): App\Controllers\Admin\TestimonialController->updateTestimonial()
 5 SYSTEMPATH\CodeIgniter.php(457): CodeIgniter\CodeIgniter->runController(Object(App\Controllers\Admin\TestimonialController))
 6 SYSTEMPATH\CodeIgniter.php(340): CodeIgniter\CodeIgniter->handleRequest(null, Object(Config\Cache), false)
 7 FCPATH\index.php(67): CodeIgniter\CodeIgniter->run()
 8 SYSTEMPATH\Commands\Server\rewrite.php(46): require_once('FCPATH\\index.php')
CRITICAL - 2022-10-10 18:14:05 --> The route for "admin/testimonial/edit/" cannot be found.
in SYSTEMPATH\HTTP\RedirectResponse.php on line 60.
 1 SYSTEMPATH\HTTP\RedirectResponse.php(60): CodeIgniter\HTTP\Exceptions\HTTPException::forInvalidRedirectRoute('admin/testimonial/edit/')
 2 SYSTEMPATH\Common.php(869): CodeIgniter\HTTP\RedirectResponse->route(false)
 3 APPPATH\Controllers\Admin\TestimonialController.php(146): redirect('admin/testimonial/edit/')
 4 SYSTEMPATH\CodeIgniter.php(902): App\Controllers\Admin\TestimonialController->updateTestimonial()
 5 SYSTEMPATH\CodeIgniter.php(457): CodeIgniter\CodeIgniter->runController(Object(App\Controllers\Admin\TestimonialController))
 6 SYSTEMPATH\CodeIgniter.php(340): CodeIgniter\CodeIgniter->handleRequest(null, Object(Config\Cache), false)
 7 FCPATH\index.php(67): CodeIgniter\CodeIgniter->run()
 8 SYSTEMPATH\Commands\Server\rewrite.php(46): require_once('FCPATH\\index.php')
CRITICAL - 2022-10-10 18:16:35 --> The route for "admin/testimonial/edit/" cannot be found.
in SYSTEMPATH\HTTP\RedirectResponse.php on line 60.
 1 SYSTEMPATH\HTTP\RedirectResponse.php(60): CodeIgniter\HTTP\Exceptions\HTTPException::forInvalidRedirectRoute('admin/testimonial/edit/')
 2 SYSTEMPATH\Common.php(869): CodeIgniter\HTTP\RedirectResponse->route(false)
 3 APPPATH\Controllers\Admin\TestimonialController.php(146): redirect('admin/testimonial/edit/')
 4 SYSTEMPATH\CodeIgniter.php(902): App\Controllers\Admin\TestimonialController->updateTestimonial()
 5 SYSTEMPATH\CodeIgniter.php(457): CodeIgniter\CodeIgniter->runController(Object(App\Controllers\Admin\TestimonialController))
 6 SYSTEMPATH\CodeIgniter.php(340): CodeIgniter\CodeIgniter->handleRequest(null, Object(Config\Cache), false)
 7 FCPATH\index.php(67): CodeIgniter\CodeIgniter->run()
 8 SYSTEMPATH\Commands\Server\rewrite.php(46): require_once('FCPATH\\index.php')
CRITICAL - 2022-10-10 18:16:38 --> The route for "admin/testimonial/edit/" cannot be found.
in SYSTEMPATH\HTTP\RedirectResponse.php on line 60.
 1 SYSTEMPATH\HTTP\RedirectResponse.php(60): CodeIgniter\HTTP\Exceptions\HTTPException::forInvalidRedirectRoute('admin/testimonial/edit/')
 2 SYSTEMPATH\Common.php(869): CodeIgniter\HTTP\RedirectResponse->route(false)
 3 APPPATH\Controllers\Admin\TestimonialController.php(146): redirect('admin/testimonial/edit/')
 4 SYSTEMPATH\CodeIgniter.php(902): App\Controllers\Admin\TestimonialController->updateTestimonial()
 5 SYSTEMPATH\CodeIgniter.php(457): CodeIgniter\CodeIgniter->runController(Object(App\Controllers\Admin\TestimonialController))
 6 SYSTEMPATH\CodeIgniter.php(340): CodeIgniter\CodeIgniter->handleRequest(null, Object(Config\Cache), false)
 7 FCPATH\index.php(67): CodeIgniter\CodeIgniter->run()
 8 SYSTEMPATH\Commands\Server\rewrite.php(46): require_once('FCPATH\\index.php')
CRITICAL - 2022-10-10 18:17:49 --> The route for "admin/testimonial/edit/" cannot be found.
in SYSTEMPATH\HTTP\RedirectResponse.php on line 60.
 1 SYSTEMPATH\HTTP\RedirectResponse.php(60): CodeIgniter\HTTP\Exceptions\HTTPException::forInvalidRedirectRoute('admin/testimonial/edit/')
 2 SYSTEMPATH\Common.php(869): CodeIgniter\HTTP\RedirectResponse->route(false)
 3 APPPATH\Controllers\Admin\TestimonialController.php(146): redirect('admin/testimonial/edit/', null)
 4 SYSTEMPATH\CodeIgniter.php(902): App\Controllers\Admin\TestimonialController->updateTestimonial()
 5 SYSTEMPATH\CodeIgniter.php(457): CodeIgniter\CodeIgniter->runController(Object(App\Controllers\Admin\TestimonialController))
 6 SYSTEMPATH\CodeIgniter.php(340): CodeIgniter\CodeIgniter->handleRequest(null, Object(Config\Cache), false)
 7 FCPATH\index.php(67): CodeIgniter\CodeIgniter->run()
 8 SYSTEMPATH\Commands\Server\rewrite.php(46): require_once('FCPATH\\index.php')
CRITICAL - 2022-10-10 18:17:56 --> The route for "admin/testimonial/edit/" cannot be found.
in SYSTEMPATH\HTTP\RedirectResponse.php on line 60.
 1 SYSTEMPATH\HTTP\RedirectResponse.php(60): CodeIgniter\HTTP\Exceptions\HTTPException::forInvalidRedirectRoute('admin/testimonial/edit/')
 2 SYSTEMPATH\Common.php(869): CodeIgniter\HTTP\RedirectResponse->route(false)
 3 APPPATH\Controllers\Admin\TestimonialController.php(146): redirect('admin/testimonial/edit/', null)
 4 SYSTEMPATH\CodeIgniter.php(902): App\Controllers\Admin\TestimonialController->updateTestimonial()
 5 SYSTEMPATH\CodeIgniter.php(457): CodeIgniter\CodeIgniter->runController(Object(App\Controllers\Admin\TestimonialController))
 6 SYSTEMPATH\CodeIgniter.php(340): CodeIgniter\CodeIgniter->handleRequest(null, Object(Config\Cache), false)
 7 FCPATH\index.php(67): CodeIgniter\CodeIgniter->run()
 8 SYSTEMPATH\Commands\Server\rewrite.php(46): require_once('FCPATH\\index.php')
CRITICAL - 2022-10-10 18:18:25 --> Call to undefined method CodeIgniter\HTTP\RedirectResponse::route_to()
in APPPATH\Controllers\Admin\TestimonialController.php on line 146.
 1 SYSTEMPATH\CodeIgniter.php(902): App\Controllers\Admin\TestimonialController->updateTestimonial()
 2 SYSTEMPATH\CodeIgniter.php(457): CodeIgniter\CodeIgniter->runController(Object(App\Controllers\Admin\TestimonialController))
 3 SYSTEMPATH\CodeIgniter.php(340): CodeIgniter\CodeIgniter->handleRequest(null, Object(Config\Cache), false)
 4 FCPATH\index.php(67): CodeIgniter\CodeIgniter->run()
 5 SYSTEMPATH\Commands\Server\rewrite.php(46): require_once('FCPATH\\index.php')
CRITICAL - 2022-10-10 18:20:12 --> CodeIgniter\HTTP\RedirectResponse::route(): Argument #2 ($params) must be of type array, string given, called in C:\xampp\htdocs\globalHeight\project\existay\existay\app\Controllers\Admin\TestimonialController.php on line 146
in SYSTEMPATH\HTTP\RedirectResponse.php on line 53.
 1 APPPATH\Controllers\Admin\TestimonialController.php(146): CodeIgniter\HTTP\RedirectResponse->route('admin/testimonial/edit/', '1')
 2 SYSTEMPATH\CodeIgniter.php(902): App\Controllers\Admin\TestimonialController->updateTestimonial()
 3 SYSTEMPATH\CodeIgniter.php(457): CodeIgniter\CodeIgniter->runController(Object(App\Controllers\Admin\TestimonialController))
 4 SYSTEMPATH\CodeIgniter.php(340): CodeIgniter\CodeIgniter->handleRequest(null, Object(Config\Cache), false)
 5 FCPATH\index.php(67): CodeIgniter\CodeIgniter->run()
 6 SYSTEMPATH\Commands\Server\rewrite.php(46): require_once('FCPATH\\index.php')
CRITICAL - 2022-10-10 18:21:30 --> The route for "admin/testimonial/edit/" cannot be found.
in SYSTEMPATH\HTTP\RedirectResponse.php on line 60.
 1 SYSTEMPATH\HTTP\RedirectResponse.php(60): CodeIgniter\HTTP\Exceptions\HTTPException::forInvalidRedirectRoute('admin/testimonial/edit/')
 2 APPPATH\Controllers\Admin\TestimonialController.php(146): CodeIgniter\HTTP\RedirectResponse->route(false, [...])
 3 SYSTEMPATH\CodeIgniter.php(902): App\Controllers\Admin\TestimonialController->updateTestimonial()
 4 SYSTEMPATH\CodeIgniter.php(457): CodeIgniter\CodeIgniter->runController(Object(App\Controllers\Admin\TestimonialController))
 5 SYSTEMPATH\CodeIgniter.php(340): CodeIgniter\CodeIgniter->handleRequest(null, Object(Config\Cache), false)
 6 FCPATH\index.php(67): CodeIgniter\CodeIgniter->run()
 7 SYSTEMPATH\Commands\Server\rewrite.php(46): require_once('FCPATH\\index.php')
CRITICAL - 2022-10-10 18:31:02 --> Undefined variable $state
in APPPATH\Views\admin\faqs\update.php on line 36.
 1 APPPATH\Views\admin\faqs\update.php(36): CodeIgniter\Debug\Exceptions->errorHandler(2, 'Undefined variable $state', 'APPPATH\\Views\\admin\\faqs\\update.php', 36)
 2 SYSTEMPATH\View\View.php(213): include('APPPATH\\Views\\admin\\faqs\\update.php')
 3 SYSTEMPATH\View\View.php(216): CodeIgniter\View\View->CodeIgniter\View\{closure}()
 4 SYSTEMPATH\Common.php(1142): CodeIgniter\View\View->render('admin/faqs/update', [], true)
 5 APPPATH\Controllers\Admin\FaqsController.php(62): view('admin/faqs/update', [...])
 6 SYSTEMPATH\CodeIgniter.php(902): App\Controllers\Admin\FaqsController->editFaqs('9')
 7 SYSTEMPATH\CodeIgniter.php(457): CodeIgniter\CodeIgniter->runController(Object(App\Controllers\Admin\FaqsController))
 8 SYSTEMPATH\CodeIgniter.php(340): CodeIgniter\CodeIgniter->handleRequest(null, Object(Config\Cache), false)
 9 FCPATH\index.php(67): CodeIgniter\CodeIgniter->run()
10 SYSTEMPATH\Commands\Server\rewrite.php(46): require_once('FCPATH\\index.php')
CRITICAL - 2022-10-10 18:31:10 --> Undefined variable $state
in APPPATH\Views\admin\faqs\update.php on line 36.
 1 APPPATH\Views\admin\faqs\update.php(36): CodeIgniter\Debug\Exceptions->errorHandler(2, 'Undefined variable $state', 'APPPATH\\Views\\admin\\faqs\\update.php', 36)
 2 SYSTEMPATH\View\View.php(213): include('APPPATH\\Views\\admin\\faqs\\update.php')
 3 SYSTEMPATH\View\View.php(216): CodeIgniter\View\View->CodeIgniter\View\{closure}()
 4 SYSTEMPATH\Common.php(1142): CodeIgniter\View\View->render('admin/faqs/update', [], true)
 5 APPPATH\Controllers\Admin\FaqsController.php(62): view('admin/faqs/update', [...])
 6 SYSTEMPATH\CodeIgniter.php(902): App\Controllers\Admin\FaqsController->editFaqs('8')
 7 SYSTEMPATH\CodeIgniter.php(457): CodeIgniter\CodeIgniter->runController(Object(App\Controllers\Admin\FaqsController))
 8 SYSTEMPATH\CodeIgniter.php(340): CodeIgniter\CodeIgniter->handleRequest(null, Object(Config\Cache), false)
 9 FCPATH\index.php(67): CodeIgniter\CodeIgniter->run()
10 SYSTEMPATH\Commands\Server\rewrite.php(46): require_once('FCPATH\\index.php')
CRITICAL - 2022-10-10 18:32:44 --> Undefined array key "value"
in APPPATH\Views\admin\faqs\update.php on line 50.
 1 APPPATH\Views\admin\faqs\update.php(50): CodeIgniter\Debug\Exceptions->errorHandler(2, 'Undefined array key "value"', 'APPPATH\\Views\\admin\\faqs\\update.php', 50)
 2 SYSTEMPATH\View\View.php(213): include('APPPATH\\Views\\admin\\faqs\\update.php')
 3 SYSTEMPATH\View\View.php(216): CodeIgniter\View\View->CodeIgniter\View\{closure}()
 4 SYSTEMPATH\Common.php(1142): CodeIgniter\View\View->render('admin/faqs/update', [], true)
 5 APPPATH\Controllers\Admin\FaqsController.php(65): view('admin/faqs/update', [...])
 6 SYSTEMPATH\CodeIgniter.php(902): App\Controllers\Admin\FaqsController->editFaqs('8')
 7 SYSTEMPATH\CodeIgniter.php(457): CodeIgniter\CodeIgniter->runController(Object(App\Controllers\Admin\FaqsController))
 8 SYSTEMPATH\CodeIgniter.php(340): CodeIgniter\CodeIgniter->handleRequest(null, Object(Config\Cache), false)
 9 FCPATH\index.php(67): CodeIgniter\CodeIgniter->run()
10 SYSTEMPATH\Commands\Server\rewrite.php(46): require_once('FCPATH\\index.php')
CRITICAL - 2022-10-10 21:09:42 --> Invalid file: admin/admin-profile.php
in SYSTEMPATH\Exceptions\FrameworkException.php on line 33.
 1 SYSTEMPATH\View\View.php(201): CodeIgniter\Exceptions\FrameworkException::forInvalidFile('admin/admin-profile.php')
 2 SYSTEMPATH\Common.php(1142): CodeIgniter\View\View->render('admin/admin-profile', [], true)
 3 APPPATH\Controllers\Admin\AdminController.php(82): view('admin/admin-profile', [...])
 4 SYSTEMPATH\CodeIgniter.php(902): App\Controllers\Admin\AdminController->adminProfile()
 5 SYSTEMPATH\CodeIgniter.php(457): CodeIgniter\CodeIgniter->runController(Object(App\Controllers\Admin\AdminController))
 6 SYSTEMPATH\CodeIgniter.php(340): CodeIgniter\CodeIgniter->handleRequest(null, Object(Config\Cache), false)
 7 FCPATH\index.php(67): CodeIgniter\CodeIgniter->run()
 8 SYSTEMPATH\Commands\Server\rewrite.php(46): require_once('FCPATH\\index.php')
CRITICAL - 2022-10-10 22:07:43 --> Undefined array key "profile"
in APPPATH\Views\admin\gallery\index.php on line 55.
 1 APPPATH\Views\admin\gallery\index.php(55): CodeIgniter\Debug\Exceptions->errorHandler(2, 'Undefined array key "profile"', 'APPPATH\\Views\\admin\\gallery\\index.php', 55)
 2 SYSTEMPATH\View\View.php(213): include('APPPATH\\Views\\admin\\gallery\\index.php')
 3 SYSTEMPATH\View\View.php(216): CodeIgniter\View\View->CodeIgniter\View\{closure}()
 4 SYSTEMPATH\Common.php(1142): CodeIgniter\View\View->render('admin/gallery/index', [], true)
 5 APPPATH\Controllers\Admin\PhotoGalleryController.php(27): view('admin/gallery/index', [...])
 6 SYSTEMPATH\CodeIgniter.php(902): App\Controllers\Admin\PhotoGalleryController->index()
 7 SYSTEMPATH\CodeIgniter.php(457): CodeIgniter\CodeIgniter->runController(Object(App\Controllers\Admin\PhotoGalleryController))
 8 SYSTEMPATH\CodeIgniter.php(340): CodeIgniter\CodeIgniter->handleRequest(null, Object(Config\Cache), false)
 9 FCPATH\index.php(67): CodeIgniter\CodeIgniter->run()
10 SYSTEMPATH\Commands\Server\rewrite.php(46): require_once('FCPATH\\index.php')
CRITICAL - 2022-10-10 22:08:37 --> Cannot access offset of type string on string
in APPPATH\Views\admin\gallery\update.php on line 38.
 1 SYSTEMPATH\View\View.php(213): include()
 2 SYSTEMPATH\View\View.php(216): CodeIgniter\View\View->CodeIgniter\View\{closure}()
 3 SYSTEMPATH\Common.php(1142): CodeIgniter\View\View->render('admin/gallery/update', [], true)
 4 APPPATH\Controllers\Admin\PhotoGalleryController.php(95): view('admin/gallery/update', [...])
 5 SYSTEMPATH\CodeIgniter.php(902): App\Controllers\Admin\PhotoGalleryController->editGallery('1')
 6 SYSTEMPATH\CodeIgniter.php(457): CodeIgniter\CodeIgniter->runController(Object(App\Controllers\Admin\PhotoGalleryController))
 7 SYSTEMPATH\CodeIgniter.php(340): CodeIgniter\CodeIgniter->handleRequest(null, Object(Config\Cache), false)
 8 FCPATH\index.php(67): CodeIgniter\CodeIgniter->run()
 9 SYSTEMPATH\Commands\Server\rewrite.php(46): require_once('FCPATH\\index.php')
