ERROR - 2022-10-11 11:57:26 --> mysqli_sql_exception: Unknown column 'meta_description' in 'field list' in C:\xampp\htdocs\globalHeight\project\existay\existay\vendor\codeigniter4\framework\system\Database\MySQLi\Connection.php:292
Stack trace:
#0 C:\xampp\htdocs\globalHeight\project\existay\existay\vendor\codeigniter4\framework\system\Database\MySQLi\Connection.php(292): mysqli->query('INSERT INTO `st...', 0)
#1 C:\xampp\htdocs\globalHeight\project\existay\existay\vendor\codeigniter4\framework\system\Database\BaseConnection.php(693): CodeIgniter\Database\MySQLi\Connection->execute('INSERT INTO `st...')
#2 C:\xampp\htdocs\globalHeight\project\existay\existay\vendor\codeigniter4\framework\system\Database\BaseConnection.php(620): CodeIgniter\Database\BaseConnection->simpleQuery('INSERT INTO `st...')
#3 C:\xampp\htdocs\globalHeight\project\existay\existay\vendor\codeigniter4\framework\system\Database\BaseBuilder.php(1916): CodeIgniter\Database\BaseConnection->query('INSERT INTO `st...', Array, false)
#4 C:\xampp\htdocs\globalHeight\project\existay\existay\vendor\codeigniter4\framework\system\Model.php(279): CodeIgniter\Database\BaseBuilder->insert()
#5 C:\xampp\htdocs\globalHeight\project\existay\existay\vendor\codeigniter4\framework\system\BaseModel.php(748): CodeIgniter\Model->doInsert(Array)
#6 C:\xampp\htdocs\globalHeight\project\existay\existay\vendor\codeigniter4\framework\system\Model.php(667): CodeIgniter\BaseModel->insert(Array, false)
#7 C:\xampp\htdocs\globalHeight\project\existay\existay\vendor\codeigniter4\framework\system\BaseModel.php(658): CodeIgniter\Model->insert(Array, false)
#8 C:\xampp\htdocs\globalHeight\project\existay\existay\app\Controllers\Admin\StateApartmentController.php(65): CodeIgniter\BaseModel->save(Array)
#9 C:\xampp\htdocs\globalHeight\project\existay\existay\vendor\codeigniter4\framework\system\CodeIgniter.php(902): App\Controllers\Admin\StateApartmentController->addApartment()
#10 C:\xampp\htdocs\globalHeight\project\existay\existay\vendor\codeigniter4\framework\system\CodeIgniter.php(457): CodeIgniter\CodeIgniter->runController(Object(App\Controllers\Admin\StateApartmentController))
#11 C:\xampp\htdocs\globalHeight\project\existay\existay\vendor\codeigniter4\framework\system\CodeIgniter.php(340): CodeIgniter\CodeIgniter->handleRequest(NULL, Object(Config\Cache), false)
#12 C:\xampp\htdocs\globalHeight\project\existay\existay\public\index.php(67): CodeIgniter\CodeIgniter->run()
#13 C:\xampp\htdocs\globalHeight\project\existay\existay\vendor\codeigniter4\framework\system\Commands\Server\rewrite.php(46): require_once('C:\\xampp\\htdocs...')
#14 {main}
CRITICAL - 2022-10-11 11:58:15 --> Undefined array key "name"
in APPPATH\Views\admin\apartment\index.php on line 51.
 1 APPPATH\Views\admin\apartment\index.php(51): CodeIgniter\Debug\Exceptions->errorHandler(2, 'Undefined array key "name"', 'APPPATH\\Views\\admin\\apartment\\index.php', 51)
 2 SYSTEMPATH\View\View.php(213): include('APPPATH\\Views\\admin\\apartment\\index.php')
 3 SYSTEMPATH\View\View.php(216): CodeIgniter\View\View->CodeIgniter\View\{closure}()
 4 SYSTEMPATH\Common.php(1142): CodeIgniter\View\View->render('admin/apartment/index', [], true)
 5 APPPATH\Controllers\Admin\StateApartmentController.php(27): view('admin/apartment/index', [...])
 6 SYSTEMPATH\CodeIgniter.php(902): App\Controllers\Admin\StateApartmentController->index()
 7 SYSTEMPATH\CodeIgniter.php(457): CodeIgniter\CodeIgniter->runController(Object(App\Controllers\Admin\StateApartmentController))
 8 SYSTEMPATH\CodeIgniter.php(340): CodeIgniter\CodeIgniter->handleRequest(null, Object(Config\Cache), false)
 9 FCPATH\index.php(67): CodeIgniter\CodeIgniter->run()
10 SYSTEMPATH\Commands\Server\rewrite.php(46): require_once('FCPATH\\index.php')
ERROR - 2022-10-11 12:00:29 --> mysqli_sql_exception: Unknown column 'hot_deal_text1' in 'field list' in C:\xampp\htdocs\globalHeight\project\existay\existay\vendor\codeigniter4\framework\system\Database\MySQLi\Connection.php:292
Stack trace:
#0 C:\xampp\htdocs\globalHeight\project\existay\existay\vendor\codeigniter4\framework\system\Database\MySQLi\Connection.php(292): mysqli->query('INSERT INTO `st...', 0)
#1 C:\xampp\htdocs\globalHeight\project\existay\existay\vendor\codeigniter4\framework\system\Database\BaseConnection.php(693): CodeIgniter\Database\MySQLi\Connection->execute('INSERT INTO `st...')
#2 C:\xampp\htdocs\globalHeight\project\existay\existay\vendor\codeigniter4\framework\system\Database\BaseConnection.php(620): CodeIgniter\Database\BaseConnection->simpleQuery('INSERT INTO `st...')
#3 C:\xampp\htdocs\globalHeight\project\existay\existay\vendor\codeigniter4\framework\system\Database\BaseBuilder.php(1916): CodeIgniter\Database\BaseConnection->query('INSERT INTO `st...', Array, false)
#4 C:\xampp\htdocs\globalHeight\project\existay\existay\vendor\codeigniter4\framework\system\Model.php(279): CodeIgniter\Database\BaseBuilder->insert()
#5 C:\xampp\htdocs\globalHeight\project\existay\existay\vendor\codeigniter4\framework\system\BaseModel.php(748): CodeIgniter\Model->doInsert(Array)
#6 C:\xampp\htdocs\globalHeight\project\existay\existay\vendor\codeigniter4\framework\system\Model.php(667): CodeIgniter\BaseModel->insert(Array, false)
#7 C:\xampp\htdocs\globalHeight\project\existay\existay\vendor\codeigniter4\framework\system\BaseModel.php(658): CodeIgniter\Model->insert(Array, false)
#8 C:\xampp\htdocs\globalHeight\project\existay\existay\app\Controllers\Admin\StateApartmentController.php(65): CodeIgniter\BaseModel->save(Array)
#9 C:\xampp\htdocs\globalHeight\project\existay\existay\vendor\codeigniter4\framework\system\CodeIgniter.php(902): App\Controllers\Admin\StateApartmentController->addApartment()
#10 C:\xampp\htdocs\globalHeight\project\existay\existay\vendor\codeigniter4\framework\system\CodeIgniter.php(457): CodeIgniter\CodeIgniter->runController(Object(App\Controllers\Admin\StateApartmentController))
#11 C:\xampp\htdocs\globalHeight\project\existay\existay\vendor\codeigniter4\framework\system\CodeIgniter.php(340): CodeIgniter\CodeIgniter->handleRequest(NULL, Object(Config\Cache), false)
#12 C:\xampp\htdocs\globalHeight\project\existay\existay\public\index.php(67): CodeIgniter\CodeIgniter->run()
#13 C:\xampp\htdocs\globalHeight\project\existay\existay\vendor\codeigniter4\framework\system\Commands\Server\rewrite.php(46): require_once('C:\\xampp\\htdocs...')
#14 {main}
CRITICAL - 2022-10-11 12:01:24 --> Undefined array key "name"
in APPPATH\Views\admin\apartment\index.php on line 51.
 1 APPPATH\Views\admin\apartment\index.php(51): CodeIgniter\Debug\Exceptions->errorHandler(2, 'Undefined array key "name"', 'APPPATH\\Views\\admin\\apartment\\index.php', 51)
 2 SYSTEMPATH\View\View.php(213): include('APPPATH\\Views\\admin\\apartment\\index.php')
 3 SYSTEMPATH\View\View.php(216): CodeIgniter\View\View->CodeIgniter\View\{closure}()
 4 SYSTEMPATH\Common.php(1142): CodeIgniter\View\View->render('admin/apartment/index', [], true)
 5 APPPATH\Controllers\Admin\StateApartmentController.php(27): view('admin/apartment/index', [...])
 6 SYSTEMPATH\CodeIgniter.php(902): App\Controllers\Admin\StateApartmentController->index()
 7 SYSTEMPATH\CodeIgniter.php(457): CodeIgniter\CodeIgniter->runController(Object(App\Controllers\Admin\StateApartmentController))
 8 SYSTEMPATH\CodeIgniter.php(340): CodeIgniter\CodeIgniter->handleRequest(null, Object(Config\Cache), false)
 9 FCPATH\index.php(67): CodeIgniter\CodeIgniter->run()
10 SYSTEMPATH\Commands\Server\rewrite.php(46): require_once('FCPATH\\index.php')
CRITICAL - 2022-10-11 12:07:23 --> Undefined array key "name"
in APPPATH\Views\admin\apartment\index.php on line 51.
 1 APPPATH\Views\admin\apartment\index.php(51): CodeIgniter\Debug\Exceptions->errorHandler(2, 'Undefined array key "name"', 'APPPATH\\Views\\admin\\apartment\\index.php', 51)
 2 SYSTEMPATH\View\View.php(213): include('APPPATH\\Views\\admin\\apartment\\index.php')
 3 SYSTEMPATH\View\View.php(216): CodeIgniter\View\View->CodeIgniter\View\{closure}()
 4 SYSTEMPATH\Common.php(1142): CodeIgniter\View\View->render('admin/apartment/index', [], true)
 5 APPPATH\Controllers\Admin\StateApartmentController.php(27): view('admin/apartment/index', [...])
 6 SYSTEMPATH\CodeIgniter.php(902): App\Controllers\Admin\StateApartmentController->index()
 7 SYSTEMPATH\CodeIgniter.php(457): CodeIgniter\CodeIgniter->runController(Object(App\Controllers\Admin\StateApartmentController))
 8 SYSTEMPATH\CodeIgniter.php(340): CodeIgniter\CodeIgniter->handleRequest(null, Object(Config\Cache), false)
 9 FCPATH\index.php(67): CodeIgniter\CodeIgniter->run()
10 SYSTEMPATH\Commands\Server\rewrite.php(46): require_once('FCPATH\\index.php')
CRITICAL - 2022-10-11 12:13:09 --> Undefined array key "name"
in APPPATH\Views\admin\apartment\index.php on line 51.
 1 APPPATH\Views\admin\apartment\index.php(51): CodeIgniter\Debug\Exceptions->errorHandler(2, 'Undefined array key "name"', 'APPPATH\\Views\\admin\\apartment\\index.php', 51)
 2 SYSTEMPATH\View\View.php(213): include('APPPATH\\Views\\admin\\apartment\\index.php')
 3 SYSTEMPATH\View\View.php(216): CodeIgniter\View\View->CodeIgniter\View\{closure}()
 4 SYSTEMPATH\Common.php(1142): CodeIgniter\View\View->render('admin/apartment/index', [], true)
 5 APPPATH\Controllers\Admin\StateApartmentController.php(27): view('admin/apartment/index', [...])
 6 SYSTEMPATH\CodeIgniter.php(902): App\Controllers\Admin\StateApartmentController->index()
 7 SYSTEMPATH\CodeIgniter.php(457): CodeIgniter\CodeIgniter->runController(Object(App\Controllers\Admin\StateApartmentController))
 8 SYSTEMPATH\CodeIgniter.php(340): CodeIgniter\CodeIgniter->handleRequest(null, Object(Config\Cache), false)
 9 FCPATH\index.php(67): CodeIgniter\CodeIgniter->run()
10 SYSTEMPATH\Commands\Server\rewrite.php(46): require_once('FCPATH\\index.php')
CRITICAL - 2022-10-11 12:24:19 --> Undefined array key "name"
in APPPATH\Views\admin\apartment\index.php on line 51.
 1 APPPATH\Views\admin\apartment\index.php(51): CodeIgniter\Debug\Exceptions->errorHandler(2, 'Undefined array key "name"', 'APPPATH\\Views\\admin\\apartment\\index.php', 51)
 2 SYSTEMPATH\View\View.php(213): include('APPPATH\\Views\\admin\\apartment\\index.php')
 3 SYSTEMPATH\View\View.php(216): CodeIgniter\View\View->CodeIgniter\View\{closure}()
 4 SYSTEMPATH\Common.php(1142): CodeIgniter\View\View->render('admin/apartment/index', [], true)
 5 APPPATH\Controllers\Admin\StateApartmentController.php(27): view('admin/apartment/index', [...])
 6 SYSTEMPATH\CodeIgniter.php(902): App\Controllers\Admin\StateApartmentController->index()
 7 SYSTEMPATH\CodeIgniter.php(457): CodeIgniter\CodeIgniter->runController(Object(App\Controllers\Admin\StateApartmentController))
 8 SYSTEMPATH\CodeIgniter.php(340): CodeIgniter\CodeIgniter->handleRequest(null, Object(Config\Cache), false)
 9 FCPATH\index.php(67): CodeIgniter\CodeIgniter->run()
10 SYSTEMPATH\Commands\Server\rewrite.php(46): require_once('FCPATH\\index.php')
CRITICAL - 2022-10-11 12:47:40 --> Call to undefined function underscore()
in APPPATH\Views\admin\apartment\index.php on line 84.
 1 SYSTEMPATH\View\View.php(213): include()
 2 SYSTEMPATH\View\View.php(216): CodeIgniter\View\View->CodeIgniter\View\{closure}()
 3 SYSTEMPATH\Common.php(1142): CodeIgniter\View\View->render('admin/apartment/index', [], true)
 4 APPPATH\Controllers\Admin\StateApartmentController.php(27): view('admin/apartment/index', [...])
 5 SYSTEMPATH\CodeIgniter.php(902): App\Controllers\Admin\StateApartmentController->index()
 6 SYSTEMPATH\CodeIgniter.php(457): CodeIgniter\CodeIgniter->runController(Object(App\Controllers\Admin\StateApartmentController))
 7 SYSTEMPATH\CodeIgniter.php(340): CodeIgniter\CodeIgniter->handleRequest(null, Object(Config\Cache), false)
 8 FCPATH\index.php(67): CodeIgniter\CodeIgniter->run()
 9 SYSTEMPATH\Commands\Server\rewrite.php(46): require_once('FCPATH\\index.php')
CRITICAL - 2022-10-11 12:49:02 --> Undefined array key "name"
in APPPATH\Views\admin\apartment\update.php on line 21.
 1 APPPATH\Views\admin\apartment\update.php(21): CodeIgniter\Debug\Exceptions->errorHandler(2, 'Undefined array key "name"', 'APPPATH\\Views\\admin\\apartment\\update.php', 21)
 2 SYSTEMPATH\View\View.php(213): include('APPPATH\\Views\\admin\\apartment\\update.php')
 3 SYSTEMPATH\View\View.php(216): CodeIgniter\View\View->CodeIgniter\View\{closure}()
 4 SYSTEMPATH\Common.php(1142): CodeIgniter\View\View->render('admin/apartment/update', [], true)
 5 APPPATH\Controllers\Admin\StateApartmentController.php(96): view('admin/apartment/update', [...])
 6 SYSTEMPATH\CodeIgniter.php(902): App\Controllers\Admin\StateApartmentController->editApartment('3')
 7 SYSTEMPATH\CodeIgniter.php(457): CodeIgniter\CodeIgniter->runController(Object(App\Controllers\Admin\StateApartmentController))
 8 SYSTEMPATH\CodeIgniter.php(340): CodeIgniter\CodeIgniter->handleRequest(null, Object(Config\Cache), false)
 9 FCPATH\index.php(67): CodeIgniter\CodeIgniter->run()
10 SYSTEMPATH\Commands\Server\rewrite.php(46): require_once('FCPATH\\index.php')
CRITICAL - 2022-10-11 13:11:24 --> Undefined array key "price"
in APPPATH\Views\admin\apartment\update.php on line 65.
 1 APPPATH\Views\admin\apartment\update.php(65): CodeIgniter\Debug\Exceptions->errorHandler(2, 'Undefined array key "price"', 'APPPATH\\Views\\admin\\apartment\\update.php', 65)
 2 SYSTEMPATH\View\View.php(213): include('APPPATH\\Views\\admin\\apartment\\update.php')
 3 SYSTEMPATH\View\View.php(216): CodeIgniter\View\View->CodeIgniter\View\{closure}()
 4 SYSTEMPATH\Common.php(1142): CodeIgniter\View\View->render('admin/apartment/update', [], true)
 5 APPPATH\Controllers\Admin\StateApartmentController.php(126): view('admin/apartment/update', [...])
 6 SYSTEMPATH\CodeIgniter.php(902): App\Controllers\Admin\StateApartmentController->editApartment('3')
 7 SYSTEMPATH\CodeIgniter.php(457): CodeIgniter\CodeIgniter->runController(Object(App\Controllers\Admin\StateApartmentController))
 8 SYSTEMPATH\CodeIgniter.php(340): CodeIgniter\CodeIgniter->handleRequest(null, Object(Config\Cache), false)
 9 FCPATH\index.php(67): CodeIgniter\CodeIgniter->run()
10 SYSTEMPATH\Commands\Server\rewrite.php(46): require_once('FCPATH\\index.php')
CRITICAL - 2022-10-11 13:12:24 --> Undefined array key "hote_deal_text1"
in APPPATH\Views\admin\apartment\update.php on line 178.
 1 APPPATH\Views\admin\apartment\update.php(178): CodeIgniter\Debug\Exceptions->errorHandler(2, 'Undefined array key "hote_deal_text1"', 'APPPATH\\Views\\admin\\apartment\\update.php', 178)
 2 SYSTEMPATH\View\View.php(213): include('APPPATH\\Views\\admin\\apartment\\update.php')
 3 SYSTEMPATH\View\View.php(216): CodeIgniter\View\View->CodeIgniter\View\{closure}()
 4 SYSTEMPATH\Common.php(1142): CodeIgniter\View\View->render('admin/apartment/update', [], true)
 5 APPPATH\Controllers\Admin\StateApartmentController.php(126): view('admin/apartment/update', [...])
 6 SYSTEMPATH\CodeIgniter.php(902): App\Controllers\Admin\StateApartmentController->editApartment('3')
 7 SYSTEMPATH\CodeIgniter.php(457): CodeIgniter\CodeIgniter->runController(Object(App\Controllers\Admin\StateApartmentController))
 8 SYSTEMPATH\CodeIgniter.php(340): CodeIgniter\CodeIgniter->handleRequest(null, Object(Config\Cache), false)
 9 FCPATH\index.php(67): CodeIgniter\CodeIgniter->run()
10 SYSTEMPATH\Commands\Server\rewrite.php(46): require_once('FCPATH\\index.php')
CRITICAL - 2022-10-11 13:13:07 --> Undefined array key "hote_deal_text1"
in APPPATH\Views\admin\apartment\update.php on line 178.
 1 APPPATH\Views\admin\apartment\update.php(178): CodeIgniter\Debug\Exceptions->errorHandler(2, 'Undefined array key "hote_deal_text1"', 'APPPATH\\Views\\admin\\apartment\\update.php', 178)
 2 SYSTEMPATH\View\View.php(213): include('APPPATH\\Views\\admin\\apartment\\update.php')
 3 SYSTEMPATH\View\View.php(216): CodeIgniter\View\View->CodeIgniter\View\{closure}()
 4 SYSTEMPATH\Common.php(1142): CodeIgniter\View\View->render('admin/apartment/update', [], true)
 5 APPPATH\Controllers\Admin\StateApartmentController.php(126): view('admin/apartment/update', [...])
 6 SYSTEMPATH\CodeIgniter.php(902): App\Controllers\Admin\StateApartmentController->editApartment('3')
 7 SYSTEMPATH\CodeIgniter.php(457): CodeIgniter\CodeIgniter->runController(Object(App\Controllers\Admin\StateApartmentController))
 8 SYSTEMPATH\CodeIgniter.php(340): CodeIgniter\CodeIgniter->handleRequest(null, Object(Config\Cache), false)
 9 FCPATH\index.php(67): CodeIgniter\CodeIgniter->run()
10 SYSTEMPATH\Commands\Server\rewrite.php(46): require_once('FCPATH\\index.php')
CRITICAL - 2022-10-11 13:13:09 --> Undefined array key "hote_deal_text1"
in APPPATH\Views\admin\apartment\update.php on line 178.
 1 APPPATH\Views\admin\apartment\update.php(178): CodeIgniter\Debug\Exceptions->errorHandler(2, 'Undefined array key "hote_deal_text1"', 'APPPATH\\Views\\admin\\apartment\\update.php', 178)
 2 SYSTEMPATH\View\View.php(213): include('APPPATH\\Views\\admin\\apartment\\update.php')
 3 SYSTEMPATH\View\View.php(216): CodeIgniter\View\View->CodeIgniter\View\{closure}()
 4 SYSTEMPATH\Common.php(1142): CodeIgniter\View\View->render('admin/apartment/update', [], true)
 5 APPPATH\Controllers\Admin\StateApartmentController.php(126): view('admin/apartment/update', [...])
 6 SYSTEMPATH\CodeIgniter.php(902): App\Controllers\Admin\StateApartmentController->editApartment('3')
 7 SYSTEMPATH\CodeIgniter.php(457): CodeIgniter\CodeIgniter->runController(Object(App\Controllers\Admin\StateApartmentController))
 8 SYSTEMPATH\CodeIgniter.php(340): CodeIgniter\CodeIgniter->handleRequest(null, Object(Config\Cache), false)
 9 FCPATH\index.php(67): CodeIgniter\CodeIgniter->run()
10 SYSTEMPATH\Commands\Server\rewrite.php(46): require_once('FCPATH\\index.php')
CRITICAL - 2022-10-11 13:13:10 --> Undefined array key "hote_deal_text1"
in APPPATH\Views\admin\apartment\update.php on line 178.
 1 APPPATH\Views\admin\apartment\update.php(178): CodeIgniter\Debug\Exceptions->errorHandler(2, 'Undefined array key "hote_deal_text1"', 'APPPATH\\Views\\admin\\apartment\\update.php', 178)
 2 SYSTEMPATH\View\View.php(213): include('APPPATH\\Views\\admin\\apartment\\update.php')
 3 SYSTEMPATH\View\View.php(216): CodeIgniter\View\View->CodeIgniter\View\{closure}()
 4 SYSTEMPATH\Common.php(1142): CodeIgniter\View\View->render('admin/apartment/update', [], true)
 5 APPPATH\Controllers\Admin\StateApartmentController.php(126): view('admin/apartment/update', [...])
 6 SYSTEMPATH\CodeIgniter.php(902): App\Controllers\Admin\StateApartmentController->editApartment('3')
 7 SYSTEMPATH\CodeIgniter.php(457): CodeIgniter\CodeIgniter->runController(Object(App\Controllers\Admin\StateApartmentController))
 8 SYSTEMPATH\CodeIgniter.php(340): CodeIgniter\CodeIgniter->handleRequest(null, Object(Config\Cache), false)
 9 FCPATH\index.php(67): CodeIgniter\CodeIgniter->run()
10 SYSTEMPATH\Commands\Server\rewrite.php(46): require_once('FCPATH\\index.php')
CRITICAL - 2022-10-11 13:13:11 --> Undefined array key "hote_deal_text1"
in APPPATH\Views\admin\apartment\update.php on line 178.
 1 APPPATH\Views\admin\apartment\update.php(178): CodeIgniter\Debug\Exceptions->errorHandler(2, 'Undefined array key "hote_deal_text1"', 'APPPATH\\Views\\admin\\apartment\\update.php', 178)
 2 SYSTEMPATH\View\View.php(213): include('APPPATH\\Views\\admin\\apartment\\update.php')
 3 SYSTEMPATH\View\View.php(216): CodeIgniter\View\View->CodeIgniter\View\{closure}()
 4 SYSTEMPATH\Common.php(1142): CodeIgniter\View\View->render('admin/apartment/update', [], true)
 5 APPPATH\Controllers\Admin\StateApartmentController.php(126): view('admin/apartment/update', [...])
 6 SYSTEMPATH\CodeIgniter.php(902): App\Controllers\Admin\StateApartmentController->editApartment('3')
 7 SYSTEMPATH\CodeIgniter.php(457): CodeIgniter\CodeIgniter->runController(Object(App\Controllers\Admin\StateApartmentController))
 8 SYSTEMPATH\CodeIgniter.php(340): CodeIgniter\CodeIgniter->handleRequest(null, Object(Config\Cache), false)
 9 FCPATH\index.php(67): CodeIgniter\CodeIgniter->run()
10 SYSTEMPATH\Commands\Server\rewrite.php(46): require_once('FCPATH\\index.php')
ERROR - 2022-10-11 13:17:09 --> mysqli_sql_exception: Duplicate entry '0' for key 'state_area' in C:\xampp\htdocs\globalHeight\project\existay\existay\vendor\codeigniter4\framework\system\Database\MySQLi\Connection.php:292
Stack trace:
#0 C:\xampp\htdocs\globalHeight\project\existay\existay\vendor\codeigniter4\framework\system\Database\MySQLi\Connection.php(292): mysqli->query('INSERT INTO `st...', 0)
#1 C:\xampp\htdocs\globalHeight\project\existay\existay\vendor\codeigniter4\framework\system\Database\BaseConnection.php(693): CodeIgniter\Database\MySQLi\Connection->execute('INSERT INTO `st...')
#2 C:\xampp\htdocs\globalHeight\project\existay\existay\vendor\codeigniter4\framework\system\Database\BaseConnection.php(620): CodeIgniter\Database\BaseConnection->simpleQuery('INSERT INTO `st...')
#3 C:\xampp\htdocs\globalHeight\project\existay\existay\vendor\codeigniter4\framework\system\Database\BaseBuilder.php(1916): CodeIgniter\Database\BaseConnection->query('INSERT INTO `st...', Array, false)
#4 C:\xampp\htdocs\globalHeight\project\existay\existay\vendor\codeigniter4\framework\system\Model.php(279): CodeIgniter\Database\BaseBuilder->insert()
#5 C:\xampp\htdocs\globalHeight\project\existay\existay\vendor\codeigniter4\framework\system\BaseModel.php(748): CodeIgniter\Model->doInsert(Array)
#6 C:\xampp\htdocs\globalHeight\project\existay\existay\vendor\codeigniter4\framework\system\Model.php(667): CodeIgniter\BaseModel->insert(Array, false)
#7 C:\xampp\htdocs\globalHeight\project\existay\existay\vendor\codeigniter4\framework\system\BaseModel.php(658): CodeIgniter\Model->insert(Array, false)
#8 C:\xampp\htdocs\globalHeight\project\existay\existay\app\Controllers\Admin\StateApartmentController.php(96): CodeIgniter\BaseModel->save(Array)
#9 C:\xampp\htdocs\globalHeight\project\existay\existay\vendor\codeigniter4\framework\system\CodeIgniter.php(902): App\Controllers\Admin\StateApartmentController->addApartment()
#10 C:\xampp\htdocs\globalHeight\project\existay\existay\vendor\codeigniter4\framework\system\CodeIgniter.php(457): CodeIgniter\CodeIgniter->runController(Object(App\Controllers\Admin\StateApartmentController))
#11 C:\xampp\htdocs\globalHeight\project\existay\existay\vendor\codeigniter4\framework\system\CodeIgniter.php(340): CodeIgniter\CodeIgniter->handleRequest(NULL, Object(Config\Cache), false)
#12 C:\xampp\htdocs\globalHeight\project\existay\existay\public\index.php(67): CodeIgniter\CodeIgniter->run()
#13 C:\xampp\htdocs\globalHeight\project\existay\existay\vendor\codeigniter4\framework\system\Commands\Server\rewrite.php(46): require_once('C:\\xampp\\htdocs...')
#14 {main}
CRITICAL - 2022-10-11 13:23:42 --> Undefined array key "image"
in APPPATH\Views\admin\apartment\update.php on line 122.
 1 APPPATH\Views\admin\apartment\update.php(122): CodeIgniter\Debug\Exceptions->errorHandler(2, 'Undefined array key "image"', 'APPPATH\\Views\\admin\\apartment\\update.php', 122)
 2 SYSTEMPATH\View\View.php(213): include('APPPATH\\Views\\admin\\apartment\\update.php')
 3 SYSTEMPATH\View\View.php(216): CodeIgniter\View\View->CodeIgniter\View\{closure}()
 4 SYSTEMPATH\Common.php(1142): CodeIgniter\View\View->render('admin/apartment/update', [], true)
 5 APPPATH\Controllers\Admin\StateApartmentController.php(126): view('admin/apartment/update', [...])
 6 SYSTEMPATH\CodeIgniter.php(902): App\Controllers\Admin\StateApartmentController->editApartment('7')
 7 SYSTEMPATH\CodeIgniter.php(457): CodeIgniter\CodeIgniter->runController(Object(App\Controllers\Admin\StateApartmentController))
 8 SYSTEMPATH\CodeIgniter.php(340): CodeIgniter\CodeIgniter->handleRequest(null, Object(Config\Cache), false)
 9 FCPATH\index.php(67): CodeIgniter\CodeIgniter->run()
10 SYSTEMPATH\Commands\Server\rewrite.php(46): require_once('FCPATH\\index.php')
ERROR - 2022-10-11 13:42:04 --> mysqli_sql_exception: Duplicate entry 'Defence Colony' for key 'state_area' in C:\xampp\htdocs\globalHeight\project\existay\existay\vendor\codeigniter4\framework\system\Database\MySQLi\Connection.php:292
Stack trace:
#0 C:\xampp\htdocs\globalHeight\project\existay\existay\vendor\codeigniter4\framework\system\Database\MySQLi\Connection.php(292): mysqli->query('INSERT INTO `st...', 0)
#1 C:\xampp\htdocs\globalHeight\project\existay\existay\vendor\codeigniter4\framework\system\Database\BaseConnection.php(693): CodeIgniter\Database\MySQLi\Connection->execute('INSERT INTO `st...')
#2 C:\xampp\htdocs\globalHeight\project\existay\existay\vendor\codeigniter4\framework\system\Database\BaseConnection.php(620): CodeIgniter\Database\BaseConnection->simpleQuery('INSERT INTO `st...')
#3 C:\xampp\htdocs\globalHeight\project\existay\existay\vendor\codeigniter4\framework\system\Database\BaseBuilder.php(1916): CodeIgniter\Database\BaseConnection->query('INSERT INTO `st...', Array, false)
#4 C:\xampp\htdocs\globalHeight\project\existay\existay\vendor\codeigniter4\framework\system\Model.php(279): CodeIgniter\Database\BaseBuilder->insert()
#5 C:\xampp\htdocs\globalHeight\project\existay\existay\vendor\codeigniter4\framework\system\BaseModel.php(748): CodeIgniter\Model->doInsert(Array)
#6 C:\xampp\htdocs\globalHeight\project\existay\existay\vendor\codeigniter4\framework\system\Model.php(667): CodeIgniter\BaseModel->insert(Array, false)
#7 C:\xampp\htdocs\globalHeight\project\existay\existay\vendor\codeigniter4\framework\system\BaseModel.php(658): CodeIgniter\Model->insert(Array, false)
#8 C:\xampp\htdocs\globalHeight\project\existay\existay\app\Controllers\Admin\StateApartmentController.php(96): CodeIgniter\BaseModel->save(Array)
#9 C:\xampp\htdocs\globalHeight\project\existay\existay\vendor\codeigniter4\framework\system\CodeIgniter.php(902): App\Controllers\Admin\StateApartmentController->addApartment()
#10 C:\xampp\htdocs\globalHeight\project\existay\existay\vendor\codeigniter4\framework\system\CodeIgniter.php(457): CodeIgniter\CodeIgniter->runController(Object(App\Controllers\Admin\StateApartmentController))
#11 C:\xampp\htdocs\globalHeight\project\existay\existay\vendor\codeigniter4\framework\system\CodeIgniter.php(340): CodeIgniter\CodeIgniter->handleRequest(NULL, Object(Config\Cache), false)
#12 C:\xampp\htdocs\globalHeight\project\existay\existay\public\index.php(67): CodeIgniter\CodeIgniter->run()
#13 C:\xampp\htdocs\globalHeight\project\existay\existay\vendor\codeigniter4\framework\system\Commands\Server\rewrite.php(46): require_once('C:\\xampp\\htdocs...')
#14 {main}
ERROR - 2022-10-11 13:48:33 --> mysqli_sql_exception: Duplicate entry 'Defence Colony' for key 'state_area' in C:\xampp\htdocs\globalHeight\project\existay\existay\vendor\codeigniter4\framework\system\Database\MySQLi\Connection.php:292
Stack trace:
#0 C:\xampp\htdocs\globalHeight\project\existay\existay\vendor\codeigniter4\framework\system\Database\MySQLi\Connection.php(292): mysqli->query('INSERT INTO `st...', 0)
#1 C:\xampp\htdocs\globalHeight\project\existay\existay\vendor\codeigniter4\framework\system\Database\BaseConnection.php(693): CodeIgniter\Database\MySQLi\Connection->execute('INSERT INTO `st...')
#2 C:\xampp\htdocs\globalHeight\project\existay\existay\vendor\codeigniter4\framework\system\Database\BaseConnection.php(620): CodeIgniter\Database\BaseConnection->simpleQuery('INSERT INTO `st...')
#3 C:\xampp\htdocs\globalHeight\project\existay\existay\vendor\codeigniter4\framework\system\Database\BaseBuilder.php(1916): CodeIgniter\Database\BaseConnection->query('INSERT INTO `st...', Array, false)
#4 C:\xampp\htdocs\globalHeight\project\existay\existay\vendor\codeigniter4\framework\system\Model.php(279): CodeIgniter\Database\BaseBuilder->insert()
#5 C:\xampp\htdocs\globalHeight\project\existay\existay\vendor\codeigniter4\framework\system\BaseModel.php(748): CodeIgniter\Model->doInsert(Array)
#6 C:\xampp\htdocs\globalHeight\project\existay\existay\vendor\codeigniter4\framework\system\Model.php(667): CodeIgniter\BaseModel->insert(Array, false)
#7 C:\xampp\htdocs\globalHeight\project\existay\existay\vendor\codeigniter4\framework\system\BaseModel.php(658): CodeIgniter\Model->insert(Array, false)
#8 C:\xampp\htdocs\globalHeight\project\existay\existay\app\Controllers\Admin\StateApartmentController.php(96): CodeIgniter\BaseModel->save(Array)
#9 C:\xampp\htdocs\globalHeight\project\existay\existay\vendor\codeigniter4\framework\system\CodeIgniter.php(902): App\Controllers\Admin\StateApartmentController->addApartment()
#10 C:\xampp\htdocs\globalHeight\project\existay\existay\vendor\codeigniter4\framework\system\CodeIgniter.php(457): CodeIgniter\CodeIgniter->runController(Object(App\Controllers\Admin\StateApartmentController))
#11 C:\xampp\htdocs\globalHeight\project\existay\existay\vendor\codeigniter4\framework\system\CodeIgniter.php(340): CodeIgniter\CodeIgniter->handleRequest(NULL, Object(Config\Cache), false)
#12 C:\xampp\htdocs\globalHeight\project\existay\existay\public\index.php(67): CodeIgniter\CodeIgniter->run()
#13 C:\xampp\htdocs\globalHeight\project\existay\existay\vendor\codeigniter4\framework\system\Commands\Server\rewrite.php(46): require_once('C:\\xampp\\htdocs...')
#14 {main}
ERROR - 2022-10-11 14:36:11 --> mysqli_sql_exception: Table 'existay.citysliders' doesn't exist in C:\xampp\htdocs\globalHeight\project\existay\existay\vendor\codeigniter4\framework\system\Database\MySQLi\Connection.php:292
Stack trace:
#0 C:\xampp\htdocs\globalHeight\project\existay\existay\vendor\codeigniter4\framework\system\Database\MySQLi\Connection.php(292): mysqli->query('SELECT COUNT(*)...', 0)
#1 C:\xampp\htdocs\globalHeight\project\existay\existay\vendor\codeigniter4\framework\system\Database\BaseConnection.php(693): CodeIgniter\Database\MySQLi\Connection->execute('SELECT COUNT(*)...')
#2 C:\xampp\htdocs\globalHeight\project\existay\existay\vendor\codeigniter4\framework\system\Database\BaseConnection.php(620): CodeIgniter\Database\BaseConnection->simpleQuery('SELECT COUNT(*)...')
#3 C:\xampp\htdocs\globalHeight\project\existay\existay\vendor\codeigniter4\framework\system\Database\BaseBuilder.php(1669): CodeIgniter\Database\BaseConnection->query('SELECT COUNT(*)...', Array, false)
#4 C:\xampp\htdocs\globalHeight\project\existay\existay\vendor\codeigniter4\framework\system\Model.php(551): CodeIgniter\Database\BaseBuilder->countAllResults(false)
#5 C:\xampp\htdocs\globalHeight\project\existay\existay\vendor\codeigniter4\framework\system\BaseModel.php(1105): CodeIgniter\Model->countAllResults(false)
#6 C:\xampp\htdocs\globalHeight\project\existay\existay\app\Controllers\Admin\CitySliderController.php(19): CodeIgniter\BaseModel->paginate(5)
#7 C:\xampp\htdocs\globalHeight\project\existay\existay\vendor\codeigniter4\framework\system\CodeIgniter.php(902): App\Controllers\Admin\CitySliderController->index()
#8 C:\xampp\htdocs\globalHeight\project\existay\existay\vendor\codeigniter4\framework\system\CodeIgniter.php(457): CodeIgniter\CodeIgniter->runController(Object(App\Controllers\Admin\CitySliderController))
#9 C:\xampp\htdocs\globalHeight\project\existay\existay\vendor\codeigniter4\framework\system\CodeIgniter.php(340): CodeIgniter\CodeIgniter->handleRequest(NULL, Object(Config\Cache), false)
#10 C:\xampp\htdocs\globalHeight\project\existay\existay\public\index.php(67): CodeIgniter\CodeIgniter->run()
#11 C:\xampp\htdocs\globalHeight\project\existay\existay\vendor\codeigniter4\framework\system\Commands\Server\rewrite.php(46): require_once('C:\\xampp\\htdocs...')
#12 {main}
CRITICAL - 2022-10-11 14:36:11 --> Table 'existay.citysliders' doesn't exist
in SYSTEMPATH\Database\MySQLi\Connection.php on line 292.
 1 SYSTEMPATH\Database\MySQLi\Connection.php(292): mysqli->query('SELECT COUNT(*) AS `numrows`
FROM `citysliders`', 0)
 2 SYSTEMPATH\Database\BaseConnection.php(693): CodeIgniter\Database\MySQLi\Connection->execute('SELECT COUNT(*) AS `numrows`
FROM `citysliders`')
 3 SYSTEMPATH\Database\BaseConnection.php(620): CodeIgniter\Database\BaseConnection->simpleQuery('SELECT COUNT(*) AS `numrows`
FROM `citysliders`')
 4 SYSTEMPATH\Database\BaseBuilder.php(1669): CodeIgniter\Database\BaseConnection->query('SELECT COUNT(*) AS `numrows`
FROM `citysliders`', [], false)
 5 SYSTEMPATH\Model.php(551): CodeIgniter\Database\BaseBuilder->countAllResults(false)
 6 SYSTEMPATH\BaseModel.php(1105): CodeIgniter\Model->countAllResults(false)
 7 APPPATH\Controllers\Admin\CitySliderController.php(19): CodeIgniter\BaseModel->paginate(5)
 8 SYSTEMPATH\CodeIgniter.php(902): App\Controllers\Admin\CitySliderController->index()
 9 SYSTEMPATH\CodeIgniter.php(457): CodeIgniter\CodeIgniter->runController(Object(App\Controllers\Admin\CitySliderController))
10 SYSTEMPATH\CodeIgniter.php(340): CodeIgniter\CodeIgniter->handleRequest(null, Object(Config\Cache), false)
11 FCPATH\index.php(67): CodeIgniter\CodeIgniter->run()
12 SYSTEMPATH\Commands\Server\rewrite.php(46): require_once('FCPATH\\index.php')
CRITICAL - 2022-10-11 14:37:09 --> Invalid file: admin/slider/index.php
in SYSTEMPATH\Exceptions\FrameworkException.php on line 33.
 1 SYSTEMPATH\View\View.php(201): CodeIgniter\Exceptions\FrameworkException::forInvalidFile('admin/slider/index.php')
 2 SYSTEMPATH\Common.php(1142): CodeIgniter\View\View->render('admin/slider/index', [], true)
 3 APPPATH\Controllers\Admin\CitySliderController.php(27): view('admin/slider/index', [...])
 4 SYSTEMPATH\CodeIgniter.php(902): App\Controllers\Admin\CitySliderController->index()
 5 SYSTEMPATH\CodeIgniter.php(457): CodeIgniter\CodeIgniter->runController(Object(App\Controllers\Admin\CitySliderController))
 6 SYSTEMPATH\CodeIgniter.php(340): CodeIgniter\CodeIgniter->handleRequest(null, Object(Config\Cache), false)
 7 FCPATH\index.php(67): CodeIgniter\CodeIgniter->run()
 8 SYSTEMPATH\Commands\Server\rewrite.php(46): require_once('FCPATH\\index.php')
CRITICAL - 2022-10-11 14:37:44 --> Invalid file: admin/slider/index.php
in SYSTEMPATH\Exceptions\FrameworkException.php on line 33.
 1 SYSTEMPATH\View\View.php(201): CodeIgniter\Exceptions\FrameworkException::forInvalidFile('admin/slider/index.php')
 2 SYSTEMPATH\Common.php(1142): CodeIgniter\View\View->render('admin/slider/index', [], true)
 3 APPPATH\Controllers\Admin\CitySliderController.php(27): view('admin/slider/index', [...])
 4 SYSTEMPATH\CodeIgniter.php(902): App\Controllers\Admin\CitySliderController->index()
 5 SYSTEMPATH\CodeIgniter.php(457): CodeIgniter\CodeIgniter->runController(Object(App\Controllers\Admin\CitySliderController))
 6 SYSTEMPATH\CodeIgniter.php(340): CodeIgniter\CodeIgniter->handleRequest(null, Object(Config\Cache), false)
 7 FCPATH\index.php(67): CodeIgniter\CodeIgniter->run()
 8 SYSTEMPATH\Commands\Server\rewrite.php(46): require_once('FCPATH\\index.php')
CRITICAL - 2022-10-11 14:38:16 --> Undefined array key "state-area"
in APPPATH\Views\admin\city_slider\index.php on line 62.
 1 APPPATH\Views\admin\city_slider\index.php(62): CodeIgniter\Debug\Exceptions->errorHandler(2, 'Undefined array key "state-area"', 'APPPATH\\Views\\admin\\city_slider\\index.php', 62)
 2 SYSTEMPATH\View\View.php(213): include('APPPATH\\Views\\admin\\city_slider\\index.php')
 3 SYSTEMPATH\View\View.php(216): CodeIgniter\View\View->CodeIgniter\View\{closure}()
 4 SYSTEMPATH\Common.php(1142): CodeIgniter\View\View->render('admin/city_slider/index', [], true)
 5 APPPATH\Controllers\Admin\CitySliderController.php(27): view('admin/city_slider/index', [...])
 6 SYSTEMPATH\CodeIgniter.php(902): App\Controllers\Admin\CitySliderController->index()
 7 SYSTEMPATH\CodeIgniter.php(457): CodeIgniter\CodeIgniter->runController(Object(App\Controllers\Admin\CitySliderController))
 8 SYSTEMPATH\CodeIgniter.php(340): CodeIgniter\CodeIgniter->handleRequest(null, Object(Config\Cache), false)
 9 FCPATH\index.php(67): CodeIgniter\CodeIgniter->run()
10 SYSTEMPATH\Commands\Server\rewrite.php(46): require_once('FCPATH\\index.php')
CRITICAL - 2022-10-11 15:10:41 --> Undefined array key "state_area"
in APPPATH\Views\admin\city_slider\add.php on line 41.
 1 APPPATH\Views\admin\city_slider\add.php(41): CodeIgniter\Debug\Exceptions->errorHandler(2, 'Undefined array key "state_area"', 'APPPATH\\Views\\admin\\city_slider\\add.php', 41)
 2 SYSTEMPATH\View\View.php(213): include('APPPATH\\Views\\admin\\city_slider\\add.php')
 3 SYSTEMPATH\View\View.php(216): CodeIgniter\View\View->CodeIgniter\View\{closure}()
 4 SYSTEMPATH\Common.php(1142): CodeIgniter\View\View->render('admin/city_slider/add', [], true)
 5 APPPATH\Controllers\Admin\CitySliderController.php(80): view('admin/city_slider/add', [...])
 6 SYSTEMPATH\CodeIgniter.php(902): App\Controllers\Admin\CitySliderController->addSlider()
 7 SYSTEMPATH\CodeIgniter.php(457): CodeIgniter\CodeIgniter->runController(Object(App\Controllers\Admin\CitySliderController))
 8 SYSTEMPATH\CodeIgniter.php(340): CodeIgniter\CodeIgniter->handleRequest(null, Object(Config\Cache), false)
 9 FCPATH\index.php(67): CodeIgniter\CodeIgniter->run()
10 SYSTEMPATH\Commands\Server\rewrite.php(46): require_once('FCPATH\\index.php')
CRITICAL - 2022-10-11 15:18:30 --> Undefined array key "state"
in APPPATH\Views\admin\city_slider\index.php on line 59.
 1 APPPATH\Views\admin\city_slider\index.php(59): CodeIgniter\Debug\Exceptions->errorHandler(2, 'Undefined array key "state"', 'APPPATH\\Views\\admin\\city_slider\\index.php', 59)
 2 SYSTEMPATH\View\View.php(213): include('APPPATH\\Views\\admin\\city_slider\\index.php')
 3 SYSTEMPATH\View\View.php(216): CodeIgniter\View\View->CodeIgniter\View\{closure}()
 4 SYSTEMPATH\Common.php(1142): CodeIgniter\View\View->render('admin/city_slider/index', [], true)
 5 APPPATH\Controllers\Admin\CitySliderController.php(27): view('admin/city_slider/index', [...])
 6 SYSTEMPATH\CodeIgniter.php(902): App\Controllers\Admin\CitySliderController->index()
 7 SYSTEMPATH\CodeIgniter.php(457): CodeIgniter\CodeIgniter->runController(Object(App\Controllers\Admin\CitySliderController))
 8 SYSTEMPATH\CodeIgniter.php(340): CodeIgniter\CodeIgniter->handleRequest(null, Object(Config\Cache), false)
 9 FCPATH\index.php(67): CodeIgniter\CodeIgniter->run()
10 SYSTEMPATH\Commands\Server\rewrite.php(46): require_once('FCPATH\\index.php')
ERROR - 2022-10-11 15:37:13 --> mysqli_sql_exception: Duplicate entry 'dwarka' for key 'state_area' in C:\xampp\htdocs\globalHeight\project\existay\existay\vendor\codeigniter4\framework\system\Database\MySQLi\Connection.php:292
Stack trace:
#0 C:\xampp\htdocs\globalHeight\project\existay\existay\vendor\codeigniter4\framework\system\Database\MySQLi\Connection.php(292): mysqli->query('UPDATE `state_a...', 0)
#1 C:\xampp\htdocs\globalHeight\project\existay\existay\vendor\codeigniter4\framework\system\Database\BaseConnection.php(693): CodeIgniter\Database\MySQLi\Connection->execute('UPDATE `state_a...')
#2 C:\xampp\htdocs\globalHeight\project\existay\existay\vendor\codeigniter4\framework\system\Database\BaseConnection.php(620): CodeIgniter\Database\BaseConnection->simpleQuery('UPDATE `state_a...')
#3 C:\xampp\htdocs\globalHeight\project\existay\existay\vendor\codeigniter4\framework\system\Database\BaseBuilder.php(2079): CodeIgniter\Database\BaseConnection->query('UPDATE `state_a...', Array, false)
#4 C:\xampp\htdocs\globalHeight\project\existay\existay\vendor\codeigniter4\framework\system\Model.php(338): CodeIgniter\Database\BaseBuilder->update()
#5 C:\xampp\htdocs\globalHeight\project\existay\existay\vendor\codeigniter4\framework\system\BaseModel.php(885): CodeIgniter\Model->doUpdate(NULL, Array)
#6 C:\xampp\htdocs\globalHeight\project\existay\existay\vendor\codeigniter4\framework\system\Model.php(693): CodeIgniter\BaseModel->update(NULL, Array)
#7 C:\xampp\htdocs\globalHeight\project\existay\existay\app\Controllers\Admin\StateApartmentController.php(209): CodeIgniter\Model->update(NULL, Array)
#8 C:\xampp\htdocs\globalHeight\project\existay\existay\vendor\codeigniter4\framework\system\CodeIgniter.php(902): App\Controllers\Admin\StateApartmentController->updateApartment()
#9 C:\xampp\htdocs\globalHeight\project\existay\existay\vendor\codeigniter4\framework\system\CodeIgniter.php(457): CodeIgniter\CodeIgniter->runController(Object(App\Controllers\Admin\StateApartmentController))
#10 C:\xampp\htdocs\globalHeight\project\existay\existay\vendor\codeigniter4\framework\system\CodeIgniter.php(340): CodeIgniter\CodeIgniter->handleRequest(NULL, Object(Config\Cache), false)
#11 C:\xampp\htdocs\globalHeight\project\existay\existay\public\index.php(67): CodeIgniter\CodeIgniter->run()
#12 C:\xampp\htdocs\globalHeight\project\existay\existay\vendor\codeigniter4\framework\system\Commands\Server\rewrite.php(46): require_once('C:\\xampp\\htdocs...')
#13 {main}
ERROR - 2022-10-11 15:38:11 --> mysqli_sql_exception: Duplicate entry 'Defence Colony' for key 'state_area' in C:\xampp\htdocs\globalHeight\project\existay\existay\vendor\codeigniter4\framework\system\Database\MySQLi\Connection.php:292
Stack trace:
#0 C:\xampp\htdocs\globalHeight\project\existay\existay\vendor\codeigniter4\framework\system\Database\MySQLi\Connection.php(292): mysqli->query('UPDATE `state_a...', 0)
#1 C:\xampp\htdocs\globalHeight\project\existay\existay\vendor\codeigniter4\framework\system\Database\BaseConnection.php(693): CodeIgniter\Database\MySQLi\Connection->execute('UPDATE `state_a...')
#2 C:\xampp\htdocs\globalHeight\project\existay\existay\vendor\codeigniter4\framework\system\Database\BaseConnection.php(620): CodeIgniter\Database\BaseConnection->simpleQuery('UPDATE `state_a...')
#3 C:\xampp\htdocs\globalHeight\project\existay\existay\vendor\codeigniter4\framework\system\Database\BaseBuilder.php(2079): CodeIgniter\Database\BaseConnection->query('UPDATE `state_a...', Array, false)
#4 C:\xampp\htdocs\globalHeight\project\existay\existay\vendor\codeigniter4\framework\system\Model.php(338): CodeIgniter\Database\BaseBuilder->update()
#5 C:\xampp\htdocs\globalHeight\project\existay\existay\vendor\codeigniter4\framework\system\BaseModel.php(885): CodeIgniter\Model->doUpdate(NULL, Array)
#6 C:\xampp\htdocs\globalHeight\project\existay\existay\vendor\codeigniter4\framework\system\Model.php(693): CodeIgniter\BaseModel->update(NULL, Array)
#7 C:\xampp\htdocs\globalHeight\project\existay\existay\app\Controllers\Admin\StateApartmentController.php(209): CodeIgniter\Model->update(NULL, Array)
#8 C:\xampp\htdocs\globalHeight\project\existay\existay\vendor\codeigniter4\framework\system\CodeIgniter.php(902): App\Controllers\Admin\StateApartmentController->updateApartment()
#9 C:\xampp\htdocs\globalHeight\project\existay\existay\vendor\codeigniter4\framework\system\CodeIgniter.php(457): CodeIgniter\CodeIgniter->runController(Object(App\Controllers\Admin\StateApartmentController))
#10 C:\xampp\htdocs\globalHeight\project\existay\existay\vendor\codeigniter4\framework\system\CodeIgniter.php(340): CodeIgniter\CodeIgniter->handleRequest(NULL, Object(Config\Cache), false)
#11 C:\xampp\htdocs\globalHeight\project\existay\existay\public\index.php(67): CodeIgniter\CodeIgniter->run()
#12 C:\xampp\htdocs\globalHeight\project\existay\existay\vendor\codeigniter4\framework\system\Commands\Server\rewrite.php(46): require_once('C:\\xampp\\htdocs...')
#13 {main}
ERROR - 2022-10-11 15:41:33 --> mysqli_sql_exception: Duplicate entry 'Defence Colony' for key 'state_area' in C:\xampp\htdocs\globalHeight\project\existay\existay\vendor\codeigniter4\framework\system\Database\MySQLi\Connection.php:292
Stack trace:
#0 C:\xampp\htdocs\globalHeight\project\existay\existay\vendor\codeigniter4\framework\system\Database\MySQLi\Connection.php(292): mysqli->query('UPDATE `state_a...', 0)
#1 C:\xampp\htdocs\globalHeight\project\existay\existay\vendor\codeigniter4\framework\system\Database\BaseConnection.php(693): CodeIgniter\Database\MySQLi\Connection->execute('UPDATE `state_a...')
#2 C:\xampp\htdocs\globalHeight\project\existay\existay\vendor\codeigniter4\framework\system\Database\BaseConnection.php(620): CodeIgniter\Database\BaseConnection->simpleQuery('UPDATE `state_a...')
#3 C:\xampp\htdocs\globalHeight\project\existay\existay\vendor\codeigniter4\framework\system\Database\BaseBuilder.php(2079): CodeIgniter\Database\BaseConnection->query('UPDATE `state_a...', Array, false)
#4 C:\xampp\htdocs\globalHeight\project\existay\existay\vendor\codeigniter4\framework\system\Model.php(338): CodeIgniter\Database\BaseBuilder->update()
#5 C:\xampp\htdocs\globalHeight\project\existay\existay\vendor\codeigniter4\framework\system\BaseModel.php(885): CodeIgniter\Model->doUpdate(NULL, Array)
#6 C:\xampp\htdocs\globalHeight\project\existay\existay\vendor\codeigniter4\framework\system\Model.php(693): CodeIgniter\BaseModel->update(NULL, Array)
#7 C:\xampp\htdocs\globalHeight\project\existay\existay\app\Controllers\Admin\StateApartmentController.php(210): CodeIgniter\Model->update(NULL, Array)
#8 C:\xampp\htdocs\globalHeight\project\existay\existay\vendor\codeigniter4\framework\system\CodeIgniter.php(902): App\Controllers\Admin\StateApartmentController->updateApartment()
#9 C:\xampp\htdocs\globalHeight\project\existay\existay\vendor\codeigniter4\framework\system\CodeIgniter.php(457): CodeIgniter\CodeIgniter->runController(Object(App\Controllers\Admin\StateApartmentController))
#10 C:\xampp\htdocs\globalHeight\project\existay\existay\vendor\codeigniter4\framework\system\CodeIgniter.php(340): CodeIgniter\CodeIgniter->handleRequest(NULL, Object(Config\Cache), false)
#11 C:\xampp\htdocs\globalHeight\project\existay\existay\public\index.php(67): CodeIgniter\CodeIgniter->run()
#12 C:\xampp\htdocs\globalHeight\project\existay\existay\vendor\codeigniter4\framework\system\Commands\Server\rewrite.php(46): require_once('C:\\xampp\\htdocs...')
#13 {main}
ERROR - 2022-10-11 15:43:01 --> mysqli_sql_exception: Duplicate entry 'Defence Colony' for key 'state_area' in C:\xampp\htdocs\globalHeight\project\existay\existay\vendor\codeigniter4\framework\system\Database\MySQLi\Connection.php:292
Stack trace:
#0 C:\xampp\htdocs\globalHeight\project\existay\existay\vendor\codeigniter4\framework\system\Database\MySQLi\Connection.php(292): mysqli->query('UPDATE `state_a...', 0)
#1 C:\xampp\htdocs\globalHeight\project\existay\existay\vendor\codeigniter4\framework\system\Database\BaseConnection.php(693): CodeIgniter\Database\MySQLi\Connection->execute('UPDATE `state_a...')
#2 C:\xampp\htdocs\globalHeight\project\existay\existay\vendor\codeigniter4\framework\system\Database\BaseConnection.php(620): CodeIgniter\Database\BaseConnection->simpleQuery('UPDATE `state_a...')
#3 C:\xampp\htdocs\globalHeight\project\existay\existay\vendor\codeigniter4\framework\system\Database\BaseBuilder.php(2079): CodeIgniter\Database\BaseConnection->query('UPDATE `state_a...', Array, false)
#4 C:\xampp\htdocs\globalHeight\project\existay\existay\vendor\codeigniter4\framework\system\Model.php(338): CodeIgniter\Database\BaseBuilder->update()
#5 C:\xampp\htdocs\globalHeight\project\existay\existay\vendor\codeigniter4\framework\system\BaseModel.php(885): CodeIgniter\Model->doUpdate(Array, Array)
#6 C:\xampp\htdocs\globalHeight\project\existay\existay\vendor\codeigniter4\framework\system\Model.php(693): CodeIgniter\BaseModel->update(Array, Array)
#7 C:\xampp\htdocs\globalHeight\project\existay\existay\app\Controllers\Admin\StateApartmentController.php(210): CodeIgniter\Model->update('14', Array)
#8 C:\xampp\htdocs\globalHeight\project\existay\existay\vendor\codeigniter4\framework\system\CodeIgniter.php(902): App\Controllers\Admin\StateApartmentController->updateApartment()
#9 C:\xampp\htdocs\globalHeight\project\existay\existay\vendor\codeigniter4\framework\system\CodeIgniter.php(457): CodeIgniter\CodeIgniter->runController(Object(App\Controllers\Admin\StateApartmentController))
#10 C:\xampp\htdocs\globalHeight\project\existay\existay\vendor\codeigniter4\framework\system\CodeIgniter.php(340): CodeIgniter\CodeIgniter->handleRequest(NULL, Object(Config\Cache), false)
#11 C:\xampp\htdocs\globalHeight\project\existay\existay\public\index.php(67): CodeIgniter\CodeIgniter->run()
#12 C:\xampp\htdocs\globalHeight\project\existay\existay\vendor\codeigniter4\framework\system\Commands\Server\rewrite.php(46): require_once('C:\\xampp\\htdocs...')
#13 {main}
CRITICAL - 2022-10-11 15:43:36 --> Invalid file: admin/admin-profile.php
in SYSTEMPATH\Exceptions\FrameworkException.php on line 33.
 1 SYSTEMPATH\View\View.php(201): CodeIgniter\Exceptions\FrameworkException::forInvalidFile('admin/admin-profile.php')
 2 SYSTEMPATH\Common.php(1142): CodeIgniter\View\View->render('admin/admin-profile', [], true)
 3 APPPATH\Controllers\Admin\AdminController.php(82): view('admin/admin-profile', [...])
 4 SYSTEMPATH\CodeIgniter.php(902): App\Controllers\Admin\AdminController->adminProfile()
 5 SYSTEMPATH\CodeIgniter.php(457): CodeIgniter\CodeIgniter->runController(Object(App\Controllers\Admin\AdminController))
 6 SYSTEMPATH\CodeIgniter.php(340): CodeIgniter\CodeIgniter->handleRequest(null, Object(Config\Cache), false)
 7 FCPATH\index.php(67): CodeIgniter\CodeIgniter->run()
 8 SYSTEMPATH\Commands\Server\rewrite.php(46): require_once('FCPATH\\index.php')
CRITICAL - 2022-10-11 15:47:34 --> Invalid file: admin/admin-profile.php
in SYSTEMPATH\Exceptions\FrameworkException.php on line 33.
 1 SYSTEMPATH\View\View.php(201): CodeIgniter\Exceptions\FrameworkException::forInvalidFile('admin/admin-profile.php')
 2 SYSTEMPATH\Common.php(1142): CodeIgniter\View\View->render('admin/admin-profile', [], true)
 3 APPPATH\Controllers\Admin\AdminController.php(91): view('admin/admin-profile', [...])
 4 SYSTEMPATH\CodeIgniter.php(902): App\Controllers\Admin\AdminController->adminProfile()
 5 SYSTEMPATH\CodeIgniter.php(457): CodeIgniter\CodeIgniter->runController(Object(App\Controllers\Admin\AdminController))
 6 SYSTEMPATH\CodeIgniter.php(340): CodeIgniter\CodeIgniter->handleRequest(null, Object(Config\Cache), false)
 7 FCPATH\index.php(67): CodeIgniter\CodeIgniter->run()
 8 SYSTEMPATH\Commands\Server\rewrite.php(46): require_once('FCPATH\\index.php')
CRITICAL - 2022-10-11 15:47:36 --> Invalid file: admin/admin-profile.php
in SYSTEMPATH\Exceptions\FrameworkException.php on line 33.
 1 SYSTEMPATH\View\View.php(201): CodeIgniter\Exceptions\FrameworkException::forInvalidFile('admin/admin-profile.php')
 2 SYSTEMPATH\Common.php(1142): CodeIgniter\View\View->render('admin/admin-profile', [], true)
 3 APPPATH\Controllers\Admin\AdminController.php(91): view('admin/admin-profile', [...])
 4 SYSTEMPATH\CodeIgniter.php(902): App\Controllers\Admin\AdminController->adminProfile()
 5 SYSTEMPATH\CodeIgniter.php(457): CodeIgniter\CodeIgniter->runController(Object(App\Controllers\Admin\AdminController))
 6 SYSTEMPATH\CodeIgniter.php(340): CodeIgniter\CodeIgniter->handleRequest(null, Object(Config\Cache), false)
 7 FCPATH\index.php(67): CodeIgniter\CodeIgniter->run()
 8 SYSTEMPATH\Commands\Server\rewrite.php(46): require_once('FCPATH\\index.php')
CRITICAL - 2022-10-11 15:47:53 --> Invalid file: admin/admin-profile.php
in SYSTEMPATH\Exceptions\FrameworkException.php on line 33.
 1 SYSTEMPATH\View\View.php(201): CodeIgniter\Exceptions\FrameworkException::forInvalidFile('admin/admin-profile.php')
 2 SYSTEMPATH\Common.php(1142): CodeIgniter\View\View->render('admin/admin-profile', [], true)
 3 APPPATH\Controllers\Admin\AdminController.php(91): view('admin/admin-profile', [...])
 4 SYSTEMPATH\CodeIgniter.php(902): App\Controllers\Admin\AdminController->adminProfile()
 5 SYSTEMPATH\CodeIgniter.php(457): CodeIgniter\CodeIgniter->runController(Object(App\Controllers\Admin\AdminController))
 6 SYSTEMPATH\CodeIgniter.php(340): CodeIgniter\CodeIgniter->handleRequest(null, Object(Config\Cache), false)
 7 FCPATH\index.php(67): CodeIgniter\CodeIgniter->run()
 8 SYSTEMPATH\Commands\Server\rewrite.php(46): require_once('FCPATH\\index.php')
CRITICAL - 2022-10-11 15:49:48 --> Cannot access offset of type string on string
in APPPATH\Views\admin\admin\profile.php on line 41.
 1 SYSTEMPATH\View\View.php(213): include()
 2 SYSTEMPATH\View\View.php(216): CodeIgniter\View\View->CodeIgniter\View\{closure}()
 3 SYSTEMPATH\Common.php(1142): CodeIgniter\View\View->render('admin/admin/profile', [], true)
 4 APPPATH\Controllers\Admin\AdminController.php(91): view('admin/admin/profile', [...])
 5 SYSTEMPATH\CodeIgniter.php(902): App\Controllers\Admin\AdminController->adminProfile()
 6 SYSTEMPATH\CodeIgniter.php(457): CodeIgniter\CodeIgniter->runController(Object(App\Controllers\Admin\AdminController))
 7 SYSTEMPATH\CodeIgniter.php(340): CodeIgniter\CodeIgniter->handleRequest(null, Object(Config\Cache), false)
 8 FCPATH\index.php(67): CodeIgniter\CodeIgniter->run()
 9 SYSTEMPATH\Commands\Server\rewrite.php(46): require_once('FCPATH\\index.php')
CRITICAL - 2022-10-11 16:06:37 --> The route for "admin/admin/change-password" cannot be found.
in SYSTEMPATH\HTTP\RedirectResponse.php on line 60.
 1 SYSTEMPATH\HTTP\RedirectResponse.php(60): CodeIgniter\HTTP\Exceptions\HTTPException::forInvalidRedirectRoute('admin/admin/change-password')
 2 SYSTEMPATH\Common.php(869): CodeIgniter\HTTP\RedirectResponse->route(false)
 3 APPPATH\Controllers\Admin\AdminController.php(70): redirect('admin/admin/change-password')
 4 SYSTEMPATH\CodeIgniter.php(902): App\Controllers\Admin\AdminController->changePassword()
 5 SYSTEMPATH\CodeIgniter.php(457): CodeIgniter\CodeIgniter->runController(Object(App\Controllers\Admin\AdminController))
 6 SYSTEMPATH\CodeIgniter.php(340): CodeIgniter\CodeIgniter->handleRequest(null, Object(Config\Cache), false)
 7 FCPATH\index.php(67): CodeIgniter\CodeIgniter->run()
 8 SYSTEMPATH\Commands\Server\rewrite.php(46): require_once('FCPATH\\index.php')
CRITICAL - 2022-10-11 16:58:07 --> syntax error, unexpected token "<"
in APPPATH\Views\include\app.php on line 19.
 1 SYSTEMPATH\View\View.php(216): CodeIgniter\View\View->CodeIgniter\View\{closure}()
 2 SYSTEMPATH\View\View.php(229): CodeIgniter\View\View->render('include/app', [], true)
 3 SYSTEMPATH\Common.php(1142): CodeIgniter\View\View->render('home', [], true)
 4 APPPATH\Controllers\HomeController.php(11): view('home')
 5 SYSTEMPATH\CodeIgniter.php(902): App\Controllers\HomeController->home()
 6 SYSTEMPATH\CodeIgniter.php(457): CodeIgniter\CodeIgniter->runController(Object(App\Controllers\HomeController))
 7 SYSTEMPATH\CodeIgniter.php(340): CodeIgniter\CodeIgniter->handleRequest(null, Object(Config\Cache), false)
 8 FCPATH\index.php(67): CodeIgniter\CodeIgniter->run()
 9 SYSTEMPATH\Commands\Server\rewrite.php(46): require_once('FCPATH\\index.php')
CRITICAL - 2022-10-11 17:00:50 --> syntax error, unexpected identifier "alt", expecting ")"
in APPPATH\Views\include\app.php on line 34.
 1 SYSTEMPATH\View\View.php(216): CodeIgniter\View\View->CodeIgniter\View\{closure}()
 2 SYSTEMPATH\View\View.php(229): CodeIgniter\View\View->render('include/app', [], true)
 3 SYSTEMPATH\Common.php(1142): CodeIgniter\View\View->render('home', [], true)
 4 APPPATH\Controllers\HomeController.php(11): view('home')
 5 SYSTEMPATH\CodeIgniter.php(902): App\Controllers\HomeController->home()
 6 SYSTEMPATH\CodeIgniter.php(457): CodeIgniter\CodeIgniter->runController(Object(App\Controllers\HomeController))
 7 SYSTEMPATH\CodeIgniter.php(340): CodeIgniter\CodeIgniter->handleRequest(null, Object(Config\Cache), false)
 8 FCPATH\index.php(67): CodeIgniter\CodeIgniter->run()
 9 SYSTEMPATH\Commands\Server\rewrite.php(46): require_once('FCPATH\\index.php')
CRITICAL - 2022-10-11 17:03:50 --> syntax error, unexpected token "<"
in APPPATH\Views\include\app.php on line 302.
 1 SYSTEMPATH\View\View.php(216): CodeIgniter\View\View->CodeIgniter\View\{closure}()
 2 SYSTEMPATH\View\View.php(229): CodeIgniter\View\View->render('include/app', [], true)
 3 SYSTEMPATH\Common.php(1142): CodeIgniter\View\View->render('home', [], true)
 4 APPPATH\Controllers\HomeController.php(11): view('home')
 5 SYSTEMPATH\CodeIgniter.php(902): App\Controllers\HomeController->home()
 6 SYSTEMPATH\CodeIgniter.php(457): CodeIgniter\CodeIgniter->runController(Object(App\Controllers\HomeController))
 7 SYSTEMPATH\CodeIgniter.php(340): CodeIgniter\CodeIgniter->handleRequest(null, Object(Config\Cache), false)
 8 FCPATH\index.php(67): CodeIgniter\CodeIgniter->run()
 9 SYSTEMPATH\Commands\Server\rewrite.php(46): require_once('FCPATH\\index.php')
CRITICAL - 2022-10-11 21:09:21 --> Invalid file: about.php
in SYSTEMPATH\Exceptions\FrameworkException.php on line 33.
 1 SYSTEMPATH\View\View.php(201): CodeIgniter\Exceptions\FrameworkException::forInvalidFile('about.php')
 2 SYSTEMPATH\Common.php(1142): CodeIgniter\View\View->render('about', [], true)
 3 APPPATH\Controllers\AboutController.php(11): view('about')
 4 SYSTEMPATH\CodeIgniter.php(902): App\Controllers\AboutController->home()
 5 SYSTEMPATH\CodeIgniter.php(457): CodeIgniter\CodeIgniter->runController(Object(App\Controllers\AboutController))
 6 SYSTEMPATH\CodeIgniter.php(340): CodeIgniter\CodeIgniter->handleRequest(null, Object(Config\Cache), false)
 7 FCPATH\index.php(67): CodeIgniter\CodeIgniter->run()
 8 SYSTEMPATH\Commands\Server\rewrite.php(46): require_once('FCPATH\\index.php')
CRITICAL - 2022-10-11 21:14:34 --> syntax error, unexpected token "return"
in APPPATH\Controllers\HomeController.php on line 18.
 1 SYSTEMPATH\Autoloader\Autoloader.php(259): CodeIgniter\Autoloader\Autoloader->includeFile('APPPATH\\Controllers\\HomeController.php')
 2 SYSTEMPATH\Autoloader\Autoloader.php(237): CodeIgniter\Autoloader\Autoloader->loadInNamespace('App\\Controllers\\HomeController')
 3 [internal function]: CodeIgniter\Autoloader\Autoloader->loadClass('App\\Controllers\\HomeController')
 4 SYSTEMPATH\CodeIgniter.php(852): class_exists('\\App\\Controllers\\HomeController', true)
 5 SYSTEMPATH\CodeIgniter.php(444): CodeIgniter\CodeIgniter->startController()
 6 SYSTEMPATH\CodeIgniter.php(340): CodeIgniter\CodeIgniter->handleRequest(null, Object(Config\Cache), false)
 7 FCPATH\index.php(67): CodeIgniter\CodeIgniter->run()
 8 SYSTEMPATH\Commands\Server\rewrite.php(46): require_once('FCPATH\\index.php')
CRITICAL - 2022-10-11 21:20:39 --> strtolower(): Argument #1 ($string) must be of type string, array given
in APPPATH\Views\include\app.php on line 59.
 1 APPPATH\Views\include\app.php(59): strtolower([...])
 2 SYSTEMPATH\View\View.php(213): include('APPPATH\\Views\\include\\app.php')
 3 SYSTEMPATH\View\View.php(216): CodeIgniter\View\View->CodeIgniter\View\{closure}()
 4 SYSTEMPATH\View\View.php(229): CodeIgniter\View\View->render('include/app', [], true)
 5 SYSTEMPATH\Common.php(1142): CodeIgniter\View\View->render('home', [], true)
 6 APPPATH\Controllers\HomeController.php(17): view('home', [...])
 7 SYSTEMPATH\CodeIgniter.php(902): App\Controllers\HomeController->home()
 8 SYSTEMPATH\CodeIgniter.php(457): CodeIgniter\CodeIgniter->runController(Object(App\Controllers\HomeController))
 9 SYSTEMPATH\CodeIgniter.php(340): CodeIgniter\CodeIgniter->handleRequest(null, Object(Config\Cache), false)
10 FCPATH\index.php(67): CodeIgniter\CodeIgniter->run()
11 SYSTEMPATH\Commands\Server\rewrite.php(46): require_once('FCPATH\\index.php')
CRITICAL - 2022-10-11 21:56:33 --> Undefined array key "value"
in APPPATH\Views\admin\state\update.php on line 37.
 1 APPPATH\Views\admin\state\update.php(37): CodeIgniter\Debug\Exceptions->errorHandler(2, 'Undefined array key "value"', 'APPPATH\\Views\\admin\\state\\update.php', 37)
 2 SYSTEMPATH\View\View.php(213): include('APPPATH\\Views\\admin\\state\\update.php')
 3 SYSTEMPATH\View\View.php(216): CodeIgniter\View\View->CodeIgniter\View\{closure}()
 4 SYSTEMPATH\Common.php(1142): CodeIgniter\View\View->render('admin/state/update', [], true)
 5 APPPATH\Controllers\Admin\StateController.php(87): view('admin/state/update', [...])
 6 SYSTEMPATH\CodeIgniter.php(902): App\Controllers\Admin\StateController->editPost('14')
 7 SYSTEMPATH\CodeIgniter.php(457): CodeIgniter\CodeIgniter->runController(Object(App\Controllers\Admin\StateController))
 8 SYSTEMPATH\CodeIgniter.php(340): CodeIgniter\CodeIgniter->handleRequest(null, Object(Config\Cache), false)
 9 FCPATH\index.php(67): CodeIgniter\CodeIgniter->run()
10 SYSTEMPATH\Commands\Server\rewrite.php(46): require_once('FCPATH\\index.php')
CRITICAL - 2022-10-11 21:58:19 --> The route for "admin/state/edit/14" cannot be found.
in SYSTEMPATH\HTTP\RedirectResponse.php on line 60.
 1 SYSTEMPATH\HTTP\RedirectResponse.php(60): CodeIgniter\HTTP\Exceptions\HTTPException::forInvalidRedirectRoute('admin/state/edit/14')
 2 SYSTEMPATH\Common.php(869): CodeIgniter\HTTP\RedirectResponse->route(false)
 3 APPPATH\Controllers\Admin\StateController.php(137): redirect('admin/state/edit/14')
 4 SYSTEMPATH\CodeIgniter.php(902): App\Controllers\Admin\StateController->updatePost()
 5 SYSTEMPATH\CodeIgniter.php(457): CodeIgniter\CodeIgniter->runController(Object(App\Controllers\Admin\StateController))
 6 SYSTEMPATH\CodeIgniter.php(340): CodeIgniter\CodeIgniter->handleRequest(null, Object(Config\Cache), false)
 7 FCPATH\index.php(67): CodeIgniter\CodeIgniter->run()
 8 SYSTEMPATH\Commands\Server\rewrite.php(46): require_once('FCPATH\\index.php')
ERROR - 2022-10-11 22:19:18 --> mysqli_sql_exception: Unknown column '997768799' in 'order clause' in C:\xampp\htdocs\globalHeight\project\existay\existay\vendor\codeigniter4\framework\system\Database\MySQLi\Connection.php:292
Stack trace:
#0 C:\xampp\htdocs\globalHeight\project\existay\existay\vendor\codeigniter4\framework\system\Database\MySQLi\Connection.php(292): mysqli->query('SELECT *\nFROM `...', 0)
#1 C:\xampp\htdocs\globalHeight\project\existay\existay\vendor\codeigniter4\framework\system\Database\BaseConnection.php(693): CodeIgniter\Database\MySQLi\Connection->execute('SELECT *\nFROM `...')
#2 C:\xampp\htdocs\globalHeight\project\existay\existay\vendor\codeigniter4\framework\system\Database\BaseConnection.php(620): CodeIgniter\Database\BaseConnection->simpleQuery('SELECT *\nFROM `...')
#3 C:\xampp\htdocs\globalHeight\project\existay\existay\vendor\codeigniter4\framework\system\Database\BaseBuilder.php(1585): CodeIgniter\Database\BaseConnection->query('SELECT *\nFROM `...', Array, false)
#4 C:\xampp\htdocs\globalHeight\project\existay\existay\vendor\codeigniter4\framework\system\Model.php(223): CodeIgniter\Database\BaseBuilder->get()
#5 C:\xampp\htdocs\globalHeight\project\existay\existay\vendor\codeigniter4\framework\system\BaseModel.php(584): CodeIgniter\Model->doFindAll(0, 0)
#6 C:\xampp\htdocs\globalHeight\project\existay\existay\app\Controllers\HomeController.php(17): CodeIgniter\BaseModel->findAll()
#7 C:\xampp\htdocs\globalHeight\project\existay\existay\vendor\codeigniter4\framework\system\CodeIgniter.php(902): App\Controllers\HomeController->home()
#8 C:\xampp\htdocs\globalHeight\project\existay\existay\vendor\codeigniter4\framework\system\CodeIgniter.php(457): CodeIgniter\CodeIgniter->runController(Object(App\Controllers\HomeController))
#9 C:\xampp\htdocs\globalHeight\project\existay\existay\vendor\codeigniter4\framework\system\CodeIgniter.php(340): CodeIgniter\CodeIgniter->handleRequest(NULL, Object(Config\Cache), false)
#10 C:\xampp\htdocs\globalHeight\project\existay\existay\public\index.php(67): CodeIgniter\CodeIgniter->run()
#11 C:\xampp\htdocs\globalHeight\project\existay\existay\vendor\codeigniter4\framework\system\Commands\Server\rewrite.php(46): require_once('C:\\xampp\\htdocs...')
#12 {main}
CRITICAL - 2022-10-11 22:19:18 --> Unknown column '997768799' in 'order clause'
in SYSTEMPATH\Database\MySQLi\Connection.php on line 292.
 1 SYSTEMPATH\Database\MySQLi\Connection.php(292): mysqli->query('SELECT *
FROM `testimonial`
ORDER BY 997768799', 0)
 2 SYSTEMPATH\Database\BaseConnection.php(693): CodeIgniter\Database\MySQLi\Connection->execute('SELECT *
FROM `testimonial`
ORDER BY 997768799')
 3 SYSTEMPATH\Database\BaseConnection.php(620): CodeIgniter\Database\BaseConnection->simpleQuery('SELECT *
FROM `testimonial`
ORDER BY 997768799')
 4 SYSTEMPATH\Database\BaseBuilder.php(1585): CodeIgniter\Database\BaseConnection->query('SELECT *
FROM `testimonial`
ORDER BY 997768799', [], false)
 5 SYSTEMPATH\Model.php(223): CodeIgniter\Database\BaseBuilder->get()
 6 SYSTEMPATH\BaseModel.php(584): CodeIgniter\Model->doFindAll(0, 0)
 7 APPPATH\Controllers\HomeController.php(17): CodeIgniter\BaseModel->findAll()
 8 SYSTEMPATH\CodeIgniter.php(902): App\Controllers\HomeController->home()
 9 SYSTEMPATH\CodeIgniter.php(457): CodeIgniter\CodeIgniter->runController(Object(App\Controllers\HomeController))
10 SYSTEMPATH\CodeIgniter.php(340): CodeIgniter\CodeIgniter->handleRequest(null, Object(Config\Cache), false)
11 FCPATH\index.php(67): CodeIgniter\CodeIgniter->run()
12 SYSTEMPATH\Commands\Server\rewrite.php(46): require_once('FCPATH\\index.php')
CRITICAL - 2022-10-11 22:32:16 --> Unmatched ')'
in APPPATH\Views\about.php on line 5.
 1 SYSTEMPATH\View\View.php(216): CodeIgniter\View\View->CodeIgniter\View\{closure}()
 2 SYSTEMPATH\Common.php(1142): CodeIgniter\View\View->render('about', [], true)
 3 APPPATH\Controllers\AboutController.php(22): view('about', [...])
 4 SYSTEMPATH\CodeIgniter.php(902): App\Controllers\AboutController->home()
 5 SYSTEMPATH\CodeIgniter.php(457): CodeIgniter\CodeIgniter->runController(Object(App\Controllers\AboutController))
 6 SYSTEMPATH\CodeIgniter.php(340): CodeIgniter\CodeIgniter->handleRequest(null, Object(Config\Cache), false)
 7 FCPATH\index.php(67): CodeIgniter\CodeIgniter->run()
 8 SYSTEMPATH\Commands\Server\rewrite.php(46): require_once('FCPATH\\index.php')
CRITICAL - 2022-10-11 22:36:47 --> Undefined variable $state
in APPPATH\Views\include\app.php on line 58.
 1 APPPATH\Views\include\app.php(58): CodeIgniter\Debug\Exceptions->errorHandler(2, 'Undefined variable $state', 'APPPATH\\Views\\include\\app.php', 58)
 2 SYSTEMPATH\View\View.php(213): include('APPPATH\\Views\\include\\app.php')
 3 SYSTEMPATH\View\View.php(216): CodeIgniter\View\View->CodeIgniter\View\{closure}()
 4 SYSTEMPATH\View\View.php(229): CodeIgniter\View\View->render('include/app', [], true)
 5 SYSTEMPATH\Common.php(1142): CodeIgniter\View\View->render('offer', [], true)
 6 APPPATH\Controllers\OfferController.php(11): view('offer')
 7 SYSTEMPATH\CodeIgniter.php(902): App\Controllers\OfferController->home()
 8 SYSTEMPATH\CodeIgniter.php(457): CodeIgniter\CodeIgniter->runController(Object(App\Controllers\OfferController))
 9 SYSTEMPATH\CodeIgniter.php(340): CodeIgniter\CodeIgniter->handleRequest(null, Object(Config\Cache), false)
10 FCPATH\index.php(67): CodeIgniter\CodeIgniter->run()
11 SYSTEMPATH\Commands\Server\rewrite.php(46): require_once('FCPATH\\index.php')
CRITICAL - 2022-10-11 22:37:18 --> Undefined variable $state
in APPPATH\Views\include\app.php on line 58.
 1 APPPATH\Views\include\app.php(58): CodeIgniter\Debug\Exceptions->errorHandler(2, 'Undefined variable $state', 'APPPATH\\Views\\include\\app.php', 58)
 2 SYSTEMPATH\View\View.php(213): include('APPPATH\\Views\\include\\app.php')
 3 SYSTEMPATH\View\View.php(216): CodeIgniter\View\View->CodeIgniter\View\{closure}()
 4 SYSTEMPATH\View\View.php(229): CodeIgniter\View\View->render('include/app', [], true)
 5 SYSTEMPATH\Common.php(1142): CodeIgniter\View\View->render('offer', [], true)
 6 APPPATH\Controllers\OfferController.php(11): view('offer')
 7 SYSTEMPATH\CodeIgniter.php(902): App\Controllers\OfferController->home()
 8 SYSTEMPATH\CodeIgniter.php(457): CodeIgniter\CodeIgniter->runController(Object(App\Controllers\OfferController))
 9 SYSTEMPATH\CodeIgniter.php(340): CodeIgniter\CodeIgniter->handleRequest(null, Object(Config\Cache), false)
10 FCPATH\index.php(67): CodeIgniter\CodeIgniter->run()
11 SYSTEMPATH\Commands\Server\rewrite.php(46): require_once('FCPATH\\index.php')
CRITICAL - 2022-10-11 22:38:04 --> Undefined variable $state
in APPPATH\Views\include\app.php on line 58.
 1 APPPATH\Views\include\app.php(58): CodeIgniter\Debug\Exceptions->errorHandler(2, 'Undefined variable $state', 'APPPATH\\Views\\include\\app.php', 58)
 2 SYSTEMPATH\View\View.php(213): include('APPPATH\\Views\\include\\app.php')
 3 SYSTEMPATH\View\View.php(216): CodeIgniter\View\View->CodeIgniter\View\{closure}()
 4 SYSTEMPATH\View\View.php(229): CodeIgniter\View\View->render('include/app', [], true)
 5 SYSTEMPATH\Common.php(1142): CodeIgniter\View\View->render('offer', [], true)
 6 APPPATH\Controllers\OfferController.php(11): view('offer')
 7 SYSTEMPATH\CodeIgniter.php(902): App\Controllers\OfferController->home()
 8 SYSTEMPATH\CodeIgniter.php(457): CodeIgniter\CodeIgniter->runController(Object(App\Controllers\OfferController))
 9 SYSTEMPATH\CodeIgniter.php(340): CodeIgniter\CodeIgniter->handleRequest(null, Object(Config\Cache), false)
10 FCPATH\index.php(67): CodeIgniter\CodeIgniter->run()
11 SYSTEMPATH\Commands\Server\rewrite.php(46): require_once('FCPATH\\index.php')
CRITICAL - 2022-10-11 22:38:37 --> Undefined variable $state
in APPPATH\Views\include\app.php on line 58.
 1 APPPATH\Views\include\app.php(58): CodeIgniter\Debug\Exceptions->errorHandler(2, 'Undefined variable $state', 'APPPATH\\Views\\include\\app.php', 58)
 2 SYSTEMPATH\View\View.php(213): include('APPPATH\\Views\\include\\app.php')
 3 SYSTEMPATH\View\View.php(216): CodeIgniter\View\View->CodeIgniter\View\{closure}()
 4 SYSTEMPATH\View\View.php(229): CodeIgniter\View\View->render('include/app', [], true)
 5 SYSTEMPATH\Common.php(1142): CodeIgniter\View\View->render('offer', [], true)
 6 APPPATH\Controllers\OfferController.php(17): view('offer')
 7 SYSTEMPATH\CodeIgniter.php(902): App\Controllers\OfferController->home()
 8 SYSTEMPATH\CodeIgniter.php(457): CodeIgniter\CodeIgniter->runController(Object(App\Controllers\OfferController))
 9 SYSTEMPATH\CodeIgniter.php(340): CodeIgniter\CodeIgniter->handleRequest(null, Object(Config\Cache), false)
10 FCPATH\index.php(67): CodeIgniter\CodeIgniter->run()
11 SYSTEMPATH\Commands\Server\rewrite.php(46): require_once('FCPATH\\index.php')
CRITICAL - 2022-10-11 22:38:56 --> Undefined variable $state
in APPPATH\Views\include\app.php on line 58.
 1 APPPATH\Views\include\app.php(58): CodeIgniter\Debug\Exceptions->errorHandler(2, 'Undefined variable $state', 'APPPATH\\Views\\include\\app.php', 58)
 2 SYSTEMPATH\View\View.php(213): include('APPPATH\\Views\\include\\app.php')
 3 SYSTEMPATH\View\View.php(216): CodeIgniter\View\View->CodeIgniter\View\{closure}()
 4 SYSTEMPATH\View\View.php(229): CodeIgniter\View\View->render('include/app', [], true)
 5 SYSTEMPATH\Common.php(1142): CodeIgniter\View\View->render('offer', [], true)
 6 APPPATH\Controllers\OfferController.php(17): view('offer')
 7 SYSTEMPATH\CodeIgniter.php(902): App\Controllers\OfferController->home()
 8 SYSTEMPATH\CodeIgniter.php(457): CodeIgniter\CodeIgniter->runController(Object(App\Controllers\OfferController))
 9 SYSTEMPATH\CodeIgniter.php(340): CodeIgniter\CodeIgniter->handleRequest(null, Object(Config\Cache), false)
10 FCPATH\index.php(67): CodeIgniter\CodeIgniter->run()
11 SYSTEMPATH\Commands\Server\rewrite.php(46): require_once('FCPATH\\index.php')
CRITICAL - 2022-10-11 22:39:24 --> Undefined variable $state
in APPPATH\Views\include\app.php on line 58.
 1 APPPATH\Views\include\app.php(58): CodeIgniter\Debug\Exceptions->errorHandler(2, 'Undefined variable $state', 'APPPATH\\Views\\include\\app.php', 58)
 2 SYSTEMPATH\View\View.php(213): include('APPPATH\\Views\\include\\app.php')
 3 SYSTEMPATH\View\View.php(216): CodeIgniter\View\View->CodeIgniter\View\{closure}()
 4 SYSTEMPATH\View\View.php(229): CodeIgniter\View\View->render('include/app', [], true)
 5 SYSTEMPATH\Common.php(1142): CodeIgniter\View\View->render('offer', [], true)
 6 APPPATH\Controllers\OfferController.php(17): view('offer')
 7 SYSTEMPATH\CodeIgniter.php(902): App\Controllers\OfferController->home()
 8 SYSTEMPATH\CodeIgniter.php(457): CodeIgniter\CodeIgniter->runController(Object(App\Controllers\OfferController))
 9 SYSTEMPATH\CodeIgniter.php(340): CodeIgniter\CodeIgniter->handleRequest(null, Object(Config\Cache), false)
10 FCPATH\index.php(67): CodeIgniter\CodeIgniter->run()
11 SYSTEMPATH\Commands\Server\rewrite.php(46): require_once('FCPATH\\index.php')
CRITICAL - 2022-10-11 22:39:59 --> Undefined variable $state
in APPPATH\Views\include\app.php on line 58.
 1 APPPATH\Views\include\app.php(58): CodeIgniter\Debug\Exceptions->errorHandler(2, 'Undefined variable $state', 'APPPATH\\Views\\include\\app.php', 58)
 2 SYSTEMPATH\View\View.php(213): include('APPPATH\\Views\\include\\app.php')
 3 SYSTEMPATH\View\View.php(216): CodeIgniter\View\View->CodeIgniter\View\{closure}()
 4 SYSTEMPATH\View\View.php(229): CodeIgniter\View\View->render('include/app', [], true)
 5 SYSTEMPATH\Common.php(1142): CodeIgniter\View\View->render('offer', [], true)
 6 APPPATH\Controllers\OfferController.php(17): view('offer')
 7 SYSTEMPATH\CodeIgniter.php(902): App\Controllers\OfferController->home()
 8 SYSTEMPATH\CodeIgniter.php(457): CodeIgniter\CodeIgniter->runController(Object(App\Controllers\OfferController))
 9 SYSTEMPATH\CodeIgniter.php(340): CodeIgniter\CodeIgniter->handleRequest(null, Object(Config\Cache), false)
10 FCPATH\index.php(67): CodeIgniter\CodeIgniter->run()
11 SYSTEMPATH\Commands\Server\rewrite.php(46): require_once('FCPATH\\index.php')
CRITICAL - 2022-10-11 22:40:13 --> Undefined variable $state
in APPPATH\Views\include\app.php on line 58.
 1 APPPATH\Views\include\app.php(58): CodeIgniter\Debug\Exceptions->errorHandler(2, 'Undefined variable $state', 'APPPATH\\Views\\include\\app.php', 58)
 2 SYSTEMPATH\View\View.php(213): include('APPPATH\\Views\\include\\app.php')
 3 SYSTEMPATH\View\View.php(216): CodeIgniter\View\View->CodeIgniter\View\{closure}()
 4 SYSTEMPATH\View\View.php(229): CodeIgniter\View\View->render('include/app', [], true)
 5 SYSTEMPATH\Common.php(1142): CodeIgniter\View\View->render('offer', [], true)
 6 APPPATH\Controllers\OfferController.php(17): view('offer')
 7 SYSTEMPATH\CodeIgniter.php(902): App\Controllers\OfferController->home()
 8 SYSTEMPATH\CodeIgniter.php(457): CodeIgniter\CodeIgniter->runController(Object(App\Controllers\OfferController))
 9 SYSTEMPATH\CodeIgniter.php(340): CodeIgniter\CodeIgniter->handleRequest(null, Object(Config\Cache), false)
10 FCPATH\index.php(67): CodeIgniter\CodeIgniter->run()
11 SYSTEMPATH\Commands\Server\rewrite.php(46): require_once('FCPATH\\index.php')
CRITICAL - 2022-10-11 22:40:14 --> Undefined variable $state
in APPPATH\Views\include\app.php on line 58.
 1 APPPATH\Views\include\app.php(58): CodeIgniter\Debug\Exceptions->errorHandler(2, 'Undefined variable $state', 'APPPATH\\Views\\include\\app.php', 58)
 2 SYSTEMPATH\View\View.php(213): include('APPPATH\\Views\\include\\app.php')
 3 SYSTEMPATH\View\View.php(216): CodeIgniter\View\View->CodeIgniter\View\{closure}()
 4 SYSTEMPATH\View\View.php(229): CodeIgniter\View\View->render('include/app', [], true)
 5 SYSTEMPATH\Common.php(1142): CodeIgniter\View\View->render('offer', [], true)
 6 APPPATH\Controllers\OfferController.php(17): view('offer')
 7 SYSTEMPATH\CodeIgniter.php(902): App\Controllers\OfferController->home()
 8 SYSTEMPATH\CodeIgniter.php(457): CodeIgniter\CodeIgniter->runController(Object(App\Controllers\OfferController))
 9 SYSTEMPATH\CodeIgniter.php(340): CodeIgniter\CodeIgniter->handleRequest(null, Object(Config\Cache), false)
10 FCPATH\index.php(67): CodeIgniter\CodeIgniter->run()
11 SYSTEMPATH\Commands\Server\rewrite.php(46): require_once('FCPATH\\index.php')
CRITICAL - 2022-10-11 22:40:14 --> Undefined variable $state
in APPPATH\Views\include\app.php on line 58.
 1 APPPATH\Views\include\app.php(58): CodeIgniter\Debug\Exceptions->errorHandler(2, 'Undefined variable $state', 'APPPATH\\Views\\include\\app.php', 58)
 2 SYSTEMPATH\View\View.php(213): include('APPPATH\\Views\\include\\app.php')
 3 SYSTEMPATH\View\View.php(216): CodeIgniter\View\View->CodeIgniter\View\{closure}()
 4 SYSTEMPATH\View\View.php(229): CodeIgniter\View\View->render('include/app', [], true)
 5 SYSTEMPATH\Common.php(1142): CodeIgniter\View\View->render('offer', [], true)
 6 APPPATH\Controllers\OfferController.php(17): view('offer')
 7 SYSTEMPATH\CodeIgniter.php(902): App\Controllers\OfferController->home()
 8 SYSTEMPATH\CodeIgniter.php(457): CodeIgniter\CodeIgniter->runController(Object(App\Controllers\OfferController))
 9 SYSTEMPATH\CodeIgniter.php(340): CodeIgniter\CodeIgniter->handleRequest(null, Object(Config\Cache), false)
10 FCPATH\index.php(67): CodeIgniter\CodeIgniter->run()
11 SYSTEMPATH\Commands\Server\rewrite.php(46): require_once('FCPATH\\index.php')
CRITICAL - 2022-10-11 22:59:30 --> Undefined array key "state"
in APPPATH\Views\include\app.php on line 59.
 1 APPPATH\Views\include\app.php(59): CodeIgniter\Debug\Exceptions->errorHandler(2, 'Undefined array key "state"', 'APPPATH\\Views\\include\\app.php', 59)
 2 SYSTEMPATH\View\View.php(213): include('APPPATH\\Views\\include\\app.php')
 3 SYSTEMPATH\View\View.php(216): CodeIgniter\View\View->CodeIgniter\View\{closure}()
 4 SYSTEMPATH\View\View.php(229): CodeIgniter\View\View->render('include/app', [], true)
 5 SYSTEMPATH\Common.php(1142): CodeIgniter\View\View->render('state', [], true)
 6 APPPATH\Controllers\HomeController.php(38): view('state', [...])
 7 SYSTEMPATH\CodeIgniter.php(902): App\Controllers\HomeController->StateApartment('Delhi')
 8 SYSTEMPATH\CodeIgniter.php(457): CodeIgniter\CodeIgniter->runController(Object(App\Controllers\HomeController))
 9 SYSTEMPATH\CodeIgniter.php(340): CodeIgniter\CodeIgniter->handleRequest(null, Object(Config\Cache), false)
10 FCPATH\index.php(67): CodeIgniter\CodeIgniter->run()
11 SYSTEMPATH\Commands\Server\rewrite.php(46): require_once('FCPATH\\index.php')
